2024-10-17 17:59:58,328 [Worker-1: Loading available Gradle versions] INFO  o.e.b.c.i.u.g.PublishedGradleVersions - Gradle version information cache is up-to-date. Trying to read.
2024-10-17 18:01:55,143 [Worker-23: Creating project "helloprint"] INFO  o.e.m.c.i.l.LifecycleMappingFactory - Using org.eclipse.m2e.jdt.JarLifecycleMapping lifecycle mapping for MavenProject: com.example:helloprint:0.0.1-SNAPSHOT @ C:\Users\kaila\OneDrive\Desktop\maven\helloprint\pom.xml.
2024-10-17 18:01:57,026 [Worker-23: Creating project "helloprint"] INFO  o.e.m.j.i.AbstractJavaProjectConfigurator - Adding source folder /helloprint/src/main/java
2024-10-17 18:01:57,028 [Worker-23: Creating project "helloprint"] INFO  o.e.m.j.i.AbstractJavaProjectConfigurator - Adding resource folder /helloprint/src/main/resources
2024-10-17 18:01:57,030 [Worker-23: Creating project "helloprint"] INFO  o.e.m.j.i.AbstractJavaProjectConfigurator - Adding source folder /helloprint/src/test/java
2024-10-17 18:01:57,030 [Worker-23: Creating project "helloprint"] INFO  o.e.m.j.i.AbstractJavaProjectConfigurator - Adding resource folder /helloprint/src/test/resources
2024-10-17 18:01:58,284 [Worker-24: Building] WARN  o.a.m.s.f.DefaultMavenResourcesFiltering - Using platform encoding (UTF-8 actually) to copy filtered resources, i.e. build is platform dependent!
2024-10-17 18:01:58,303 [Worker-24: Building] INFO  o.a.m.s.f.DefaultMavenResourcesFiltering - Copying 0 resource from src\main\resources to target\classes
2024-10-17 18:01:58,314 [Worker-24: Building] WARN  o.a.m.s.f.DefaultMavenResourcesFiltering - Using platform encoding (UTF-8 actually) to copy filtered resources, i.e. build is platform dependent!
2024-10-17 18:01:58,318 [Worker-24: Building] INFO  o.a.m.s.f.DefaultMavenResourcesFiltering - Copying 0 resource from src\test\resources to target\test-classes
2024-10-17 18:02:30,141 [Worker-25: Building] WARN  o.a.m.s.f.DefaultMavenResourcesFiltering - Using platform encoding (UTF-8 actually) to copy filtered resources, i.e. build is platform dependent!
2024-10-17 18:02:30,163 [Worker-25: Building] INFO  o.a.m.s.f.DefaultMavenResourcesFiltering - Copying 0 resource from src\main\resources to target\classes
2024-10-17 18:02:30,170 [Worker-25: Building] WARN  o.a.m.s.f.DefaultMavenResourcesFiltering - Using platform encoding (UTF-8 actually) to copy filtered resources, i.e. build is platform dependent!
2024-10-17 18:02:30,176 [Worker-25: Building] INFO  o.a.m.s.f.DefaultMavenResourcesFiltering - Copying 0 resource from src\test\resources to target\test-classes
2024-10-17 18:03:28,503 [Worker-25: Building] WARN  o.a.m.s.f.DefaultMavenResourcesFiltering - Using platform encoding (UTF-8 actually) to copy filtered resources, i.e. build is platform dependent!
2024-10-17 18:03:28,506 [Worker-25: Building] INFO  o.a.m.s.f.DefaultMavenResourcesFiltering - Copying 0 resource from src\main\resources to target\classes
2024-10-17 18:03:28,513 [Worker-25: Building] WARN  o.a.m.s.f.DefaultMavenResourcesFiltering - Using platform encoding (UTF-8 actually) to copy filtered resources, i.e. build is platform dependent!
2024-10-17 18:03:28,516 [Worker-25: Building] INFO  o.a.m.s.f.DefaultMavenResourcesFiltering - Copying 0 resource from src\test\resources to target\test-classes
2024-10-17 18:04:12,341 [Worker-25: Building] INFO  o.e.m.c.i.l.LifecycleMappingFactory - Using org.eclipse.m2e.jdt.JarLifecycleMapping lifecycle mapping for MavenProject: com.example:helloworld-maven:0.0.1-SNAPSHOT @ C:\Users\kaila\OneDrive\Desktop\maven\helloprint\pom.xml.
2024-10-17 18:04:12,921 [Worker-25: Building] WARN  o.a.m.s.f.DefaultMavenResourcesFiltering - Using platform encoding (UTF-8 actually) to copy filtered resources, i.e. build is platform dependent!
2024-10-17 18:04:12,930 [Worker-25: Building] INFO  o.a.m.s.f.DefaultMavenResourcesFiltering - Copying 0 resource from src\main\resources to target\classes
2024-10-17 18:04:12,940 [Worker-25: Building] WARN  o.a.m.s.f.DefaultMavenResourcesFiltering - Using platform encoding (UTF-8 actually) to copy filtered resources, i.e. build is platform dependent!
2024-10-17 18:04:12,944 [Worker-25: Building] INFO  o.a.m.s.f.DefaultMavenResourcesFiltering - Copying 0 resource from src\test\resources to target\test-classes
2024-10-17 18:04:13,332 [Worker-23: Updating Maven Project] INFO  o.e.m.c.i.p.ProjectConfigurationManager - Update started
2024-10-17 18:04:14,418 [Worker-23: Updating Maven Project] INFO  o.e.m.c.i.l.LifecycleMappingFactory - Using org.eclipse.m2e.jdt.JarLifecycleMapping lifecycle mapping for MavenProject: com.example:helloworld-maven:0.0.1-SNAPSHOT @ C:\Users\kaila\OneDrive\Desktop\maven\helloprint\pom.xml.
2024-10-17 18:04:14,829 [Worker-23: Updating Maven Project] INFO  o.e.m.j.i.AbstractJavaProjectConfigurator - Adding source folder /helloprint/src/main/java
2024-10-17 18:04:14,830 [Worker-23: Updating Maven Project] INFO  o.e.m.j.i.AbstractJavaProjectConfigurator - Adding resource folder /helloprint/src/main/resources
2024-10-17 18:04:14,831 [Worker-23: Updating Maven Project] INFO  o.e.m.j.i.AbstractJavaProjectConfigurator - Adding source folder /helloprint/src/test/java
2024-10-17 18:04:14,831 [Worker-23: Updating Maven Project] INFO  o.e.m.j.i.AbstractJavaProjectConfigurator - Adding resource folder /helloprint/src/test/resources
2024-10-17 18:04:14,983 [Worker-23: Updating Maven Project] INFO  o.e.m.c.i.p.ProjectConfigurationManager - Update completed for 1 poms: local refresh takes 0.00 sec, refresh facades takes 1.00 sec, update config takes 0.00 sec 
2024-10-17 18:04:15,182 [Worker-11: Building] WARN  o.a.m.s.f.DefaultMavenResourcesFiltering - Using platform encoding (UTF-8 actually) to copy filtered resources, i.e. build is platform dependent!
2024-10-17 18:04:15,185 [Worker-11: Building] INFO  o.a.m.s.f.DefaultMavenResourcesFiltering - Copying 0 resource from src\main\resources to target\classes
2024-10-17 18:04:15,190 [Worker-11: Building] WARN  o.a.m.s.f.DefaultMavenResourcesFiltering - Using platform encoding (UTF-8 actually) to copy filtered resources, i.e. build is platform dependent!
2024-10-17 18:04:15,192 [Worker-11: Building] INFO  o.a.m.s.f.DefaultMavenResourcesFiltering - Copying 0 resource from src\test\resources to target\test-classes
2024-10-17 18:04:56,019 [main] INFO  o.e.m2e.actions.ExecutePomAction - Creating new launch configuration
2024-10-17 18:05:07,073 [Worker-23: Launching helloprint] INFO  o.eclipse.m2e.core.internal.Bundles - getClasspathEntries(Bundle=org.eclipse.m2e.maven.runtime_3.9.500.20231113-2345 [295])
2024-10-17 18:05:07,077 [Worker-23: Launching helloprint] INFO  o.eclipse.m2e.core.internal.Bundles - 	Entry: C:\Users\kaila\.p2\pool\plugins\org.eclipse.m2e.maven.runtime_3.9.500.20231113-2345
2024-10-17 18:05:07,077 [Worker-23: Launching helloprint] INFO  o.eclipse.m2e.core.internal.Bundles - 	Entry: C:\Users\kaila\.p2\pool\plugins\org.eclipse.m2e.maven.runtime_3.9.500.20231113-2345\jars\aopalliance-1.0.jar
2024-10-17 18:05:07,079 [Worker-23: Launching helloprint] INFO  o.eclipse.m2e.core.internal.Bundles - 	Entry: C:\Users\kaila\.p2\pool\plugins\org.eclipse.m2e.maven.runtime_3.9.500.20231113-2345\jars\guice-5.1.0.jar
2024-10-17 18:05:07,079 [Worker-23: Launching helloprint] INFO  o.eclipse.m2e.core.internal.Bundles - 	Entry: C:\Users\kaila\.p2\pool\plugins\org.eclipse.m2e.maven.runtime_3.9.500.20231113-2345\jars\httpclient-4.5.14.jar
2024-10-17 18:05:07,079 [Worker-23: Launching helloprint] INFO  o.eclipse.m2e.core.internal.Bundles - 	Entry: C:\Users\kaila\.p2\pool\plugins\org.eclipse.m2e.maven.runtime_3.9.500.20231113-2345\jars\httpcore-4.4.16.jar
2024-10-17 18:05:07,080 [Worker-23: Launching helloprint] INFO  o.eclipse.m2e.core.internal.Bundles - 	Entry: C:\Users\kaila\.p2\pool\plugins\org.eclipse.m2e.maven.runtime_3.9.500.20231113-2345\jars\jansi-2.4.0.jar
2024-10-17 18:05:07,080 [Worker-23: Launching helloprint] INFO  o.eclipse.m2e.core.internal.Bundles - 	Entry: C:\Users\kaila\.p2\pool\plugins\org.eclipse.m2e.maven.runtime_3.9.500.20231113-2345\jars\jcl-over-slf4j-1.7.36.jar
2024-10-17 18:05:07,081 [Worker-23: Launching helloprint] INFO  o.eclipse.m2e.core.internal.Bundles - 	Entry: C:\Users\kaila\.p2\pool\plugins\org.eclipse.m2e.maven.runtime_3.9.500.20231113-2345\jars\maven-artifact-3.9.5.jar
2024-10-17 18:05:07,081 [Worker-23: Launching helloprint] INFO  o.eclipse.m2e.core.internal.Bundles - 	Entry: C:\Users\kaila\.p2\pool\plugins\org.eclipse.m2e.maven.runtime_3.9.500.20231113-2345\jars\maven-builder-support-3.9.5.jar
2024-10-17 18:05:07,082 [Worker-23: Launching helloprint] INFO  o.eclipse.m2e.core.internal.Bundles - 	Entry: C:\Users\kaila\.p2\pool\plugins\org.eclipse.m2e.maven.runtime_3.9.500.20231113-2345\jars\maven-compat-3.9.5.jar
2024-10-17 18:05:07,082 [Worker-23: Launching helloprint] INFO  o.eclipse.m2e.core.internal.Bundles - 	Entry: C:\Users\kaila\.p2\pool\plugins\org.eclipse.m2e.maven.runtime_3.9.500.20231113-2345\jars\maven-core-3.9.5.jar
2024-10-17 18:05:07,082 [Worker-23: Launching helloprint] INFO  o.eclipse.m2e.core.internal.Bundles - 	Entry: C:\Users\kaila\.p2\pool\plugins\org.eclipse.m2e.maven.runtime_3.9.500.20231113-2345\jars\maven-embedder-3.9.5.jar
2024-10-17 18:05:07,082 [Worker-23: Launching helloprint] INFO  o.eclipse.m2e.core.internal.Bundles - 	Entry: C:\Users\kaila\.p2\pool\plugins\org.eclipse.m2e.maven.runtime_3.9.500.20231113-2345\jars\maven-model-3.9.5.jar
2024-10-17 18:05:07,084 [Worker-23: Launching helloprint] INFO  o.eclipse.m2e.core.internal.Bundles - 	Entry: C:\Users\kaila\.p2\pool\plugins\org.eclipse.m2e.maven.runtime_3.9.500.20231113-2345\jars\maven-model-builder-3.9.5.jar
2024-10-17 18:05:07,084 [Worker-23: Launching helloprint] INFO  o.eclipse.m2e.core.internal.Bundles - 	Entry: C:\Users\kaila\.p2\pool\plugins\org.eclipse.m2e.maven.runtime_3.9.500.20231113-2345\jars\maven-plugin-api-3.9.5.jar
2024-10-17 18:05:07,085 [Worker-23: Launching helloprint] INFO  o.eclipse.m2e.core.internal.Bundles - 	Entry: C:\Users\kaila\.p2\pool\plugins\org.eclipse.m2e.maven.runtime_3.9.500.20231113-2345\jars\maven-repository-metadata-3.9.5.jar
2024-10-17 18:05:07,086 [Worker-23: Launching helloprint] INFO  o.eclipse.m2e.core.internal.Bundles - 	Entry: C:\Users\kaila\.p2\pool\plugins\org.eclipse.m2e.maven.runtime_3.9.500.20231113-2345\jars\maven-resolver-api-1.9.16.jar
2024-10-17 18:05:07,087 [Worker-23: Launching helloprint] INFO  o.eclipse.m2e.core.internal.Bundles - 	Entry: C:\Users\kaila\.p2\pool\plugins\org.eclipse.m2e.maven.runtime_3.9.500.20231113-2345\jars\maven-resolver-connector-basic-1.9.16.jar
2024-10-17 18:05:07,087 [Worker-23: Launching helloprint] INFO  o.eclipse.m2e.core.internal.Bundles - 	Entry: C:\Users\kaila\.p2\pool\plugins\org.eclipse.m2e.maven.runtime_3.9.500.20231113-2345\jars\maven-resolver-impl-1.9.16.jar
2024-10-17 18:05:07,087 [Worker-23: Launching helloprint] INFO  o.eclipse.m2e.core.internal.Bundles - 	Entry: C:\Users\kaila\.p2\pool\plugins\org.eclipse.m2e.maven.runtime_3.9.500.20231113-2345\jars\maven-resolver-named-locks-1.9.16.jar
2024-10-17 18:05:07,087 [Worker-23: Launching helloprint] INFO  o.eclipse.m2e.core.internal.Bundles - 	Entry: C:\Users\kaila\.p2\pool\plugins\org.eclipse.m2e.maven.runtime_3.9.500.20231113-2345\jars\maven-resolver-provider-3.9.5.jar
2024-10-17 18:05:07,088 [Worker-23: Launching helloprint] INFO  o.eclipse.m2e.core.internal.Bundles - 	Entry: C:\Users\kaila\.p2\pool\plugins\org.eclipse.m2e.maven.runtime_3.9.500.20231113-2345\jars\maven-resolver-spi-1.9.16.jar
2024-10-17 18:05:07,088 [Worker-23: Launching helloprint] INFO  o.eclipse.m2e.core.internal.Bundles - 	Entry: C:\Users\kaila\.p2\pool\plugins\org.eclipse.m2e.maven.runtime_3.9.500.20231113-2345\jars\maven-resolver-transport-file-1.9.16.jar
2024-10-17 18:05:07,090 [Worker-23: Launching helloprint] INFO  o.eclipse.m2e.core.internal.Bundles - 	Entry: C:\Users\kaila\.p2\pool\plugins\org.eclipse.m2e.maven.runtime_3.9.500.20231113-2345\jars\maven-resolver-transport-http-1.9.16.jar
2024-10-17 18:05:07,090 [Worker-23: Launching helloprint] INFO  o.eclipse.m2e.core.internal.Bundles - 	Entry: C:\Users\kaila\.p2\pool\plugins\org.eclipse.m2e.maven.runtime_3.9.500.20231113-2345\jars\maven-resolver-transport-wagon-1.9.16.jar
2024-10-17 18:05:07,090 [Worker-23: Launching helloprint] INFO  o.eclipse.m2e.core.internal.Bundles - 	Entry: C:\Users\kaila\.p2\pool\plugins\org.eclipse.m2e.maven.runtime_3.9.500.20231113-2345\jars\maven-resolver-util-1.9.16.jar
2024-10-17 18:05:07,090 [Worker-23: Launching helloprint] INFO  o.eclipse.m2e.core.internal.Bundles - 	Entry: C:\Users\kaila\.p2\pool\plugins\org.eclipse.m2e.maven.runtime_3.9.500.20231113-2345\jars\maven-settings-3.9.5.jar
2024-10-17 18:05:07,092 [Worker-23: Launching helloprint] INFO  o.eclipse.m2e.core.internal.Bundles - 	Entry: C:\Users\kaila\.p2\pool\plugins\org.eclipse.m2e.maven.runtime_3.9.500.20231113-2345\jars\maven-settings-builder-3.9.5.jar
2024-10-17 18:05:07,092 [Worker-23: Launching helloprint] INFO  o.eclipse.m2e.core.internal.Bundles - 	Entry: C:\Users\kaila\.p2\pool\plugins\org.eclipse.m2e.maven.runtime_3.9.500.20231113-2345\jars\maven-shared-utils-3.3.4.jar
2024-10-17 18:05:07,093 [Worker-23: Launching helloprint] INFO  o.eclipse.m2e.core.internal.Bundles - 	Entry: C:\Users\kaila\.p2\pool\plugins\org.eclipse.m2e.maven.runtime_3.9.500.20231113-2345\jars\org.eclipse.sisu.inject-0.3.5.jar
2024-10-17 18:05:07,094 [Worker-23: Launching helloprint] INFO  o.eclipse.m2e.core.internal.Bundles - 	Entry: C:\Users\kaila\.p2\pool\plugins\org.eclipse.m2e.maven.runtime_3.9.500.20231113-2345\jars\org.eclipse.sisu.plexus-0.3.5.jar
2024-10-17 18:05:07,095 [Worker-23: Launching helloprint] INFO  o.eclipse.m2e.core.internal.Bundles - 	Entry: C:\Users\kaila\.p2\pool\plugins\org.eclipse.m2e.maven.runtime_3.9.500.20231113-2345\jars\plexus-build-api-0.0.7.jar
2024-10-17 18:05:07,096 [Worker-23: Launching helloprint] INFO  o.eclipse.m2e.core.internal.Bundles - 	Entry: C:\Users\kaila\.p2\pool\plugins\org.eclipse.m2e.maven.runtime_3.9.500.20231113-2345\jars\plexus-cipher-2.0.jar
2024-10-17 18:05:07,096 [Worker-23: Launching helloprint] INFO  o.eclipse.m2e.core.internal.Bundles - 	Entry: C:\Users\kaila\.p2\pool\plugins\org.eclipse.m2e.maven.runtime_3.9.500.20231113-2345\jars\plexus-classworlds-2.7.0.jar
2024-10-17 18:05:07,097 [Worker-23: Launching helloprint] INFO  o.eclipse.m2e.core.internal.Bundles - 	Entry: C:\Users\kaila\.p2\pool\plugins\org.eclipse.m2e.maven.runtime_3.9.500.20231113-2345\jars\plexus-component-annotations-2.1.0.jar
2024-10-17 18:05:07,097 [Worker-23: Launching helloprint] INFO  o.eclipse.m2e.core.internal.Bundles - 	Entry: C:\Users\kaila\.p2\pool\plugins\org.eclipse.m2e.maven.runtime_3.9.500.20231113-2345\jars\plexus-interpolation-1.26.jar
2024-10-17 18:05:07,097 [Worker-23: Launching helloprint] INFO  o.eclipse.m2e.core.internal.Bundles - 	Entry: C:\Users\kaila\.p2\pool\plugins\org.eclipse.m2e.maven.runtime_3.9.500.20231113-2345\jars\plexus-sec-dispatcher-2.0.jar
2024-10-17 18:05:07,097 [Worker-23: Launching helloprint] INFO  o.eclipse.m2e.core.internal.Bundles - 	Entry: C:\Users\kaila\.p2\pool\plugins\org.eclipse.m2e.maven.runtime_3.9.500.20231113-2345\jars\plexus-utils-3.5.1.jar
2024-10-17 18:05:07,097 [Worker-23: Launching helloprint] INFO  o.eclipse.m2e.core.internal.Bundles - 	Entry: C:\Users\kaila\.p2\pool\plugins\org.eclipse.m2e.maven.runtime_3.9.500.20231113-2345\jars\wagon-file-3.5.3.jar
2024-10-17 18:05:07,097 [Worker-23: Launching helloprint] INFO  o.eclipse.m2e.core.internal.Bundles - 	Entry: C:\Users\kaila\.p2\pool\plugins\org.eclipse.m2e.maven.runtime_3.9.500.20231113-2345\jars\wagon-http-3.5.3.jar
2024-10-17 18:05:07,098 [Worker-23: Launching helloprint] INFO  o.eclipse.m2e.core.internal.Bundles - 	Entry: C:\Users\kaila\.p2\pool\plugins\org.eclipse.m2e.maven.runtime_3.9.500.20231113-2345\jars\wagon-http-shared-3.5.3.jar
2024-10-17 18:05:07,098 [Worker-23: Launching helloprint] INFO  o.eclipse.m2e.core.internal.Bundles - 	Entry: C:\Users\kaila\.p2\pool\plugins\org.eclipse.m2e.maven.runtime_3.9.500.20231113-2345\jars\wagon-provider-api-3.5.3.jar
2024-10-17 18:05:07,103 [Worker-23: Launching helloprint] INFO  o.eclipse.m2e.core.internal.Bundles - getClasspathEntries(Bundle=com.google.guava_32.1.3.jre [10])
2024-10-17 18:05:07,104 [Worker-23: Launching helloprint] INFO  o.eclipse.m2e.core.internal.Bundles - 	Entry: C:\Users\kaila\.p2\pool\plugins\com.google.guava_32.1.3.jre.jar
2024-10-17 18:05:07,104 [Worker-23: Launching helloprint] INFO  o.eclipse.m2e.core.internal.Bundles - getClasspathEntries(Bundle=slf4j.api_2.0.9 [515])
2024-10-17 18:05:07,105 [Worker-23: Launching helloprint] INFO  o.eclipse.m2e.core.internal.Bundles - 	Entry: C:\Users\kaila\.p2\pool\plugins\slf4j.api_2.0.9.jar
2024-10-17 18:05:07,106 [Worker-23: Launching helloprint] INFO  o.eclipse.m2e.core.internal.Bundles - getClasspathEntries(Bundle=jakarta.inject.jakarta.inject-api_1.0.5 [22])
2024-10-17 18:05:07,106 [Worker-23: Launching helloprint] INFO  o.eclipse.m2e.core.internal.Bundles - 	Entry: C:\Users\kaila\.p2\pool\plugins\jakarta.inject.jakarta.inject-api_1.0.5.jar
2024-10-17 18:05:07,106 [Worker-23: Launching helloprint] INFO  o.eclipse.m2e.core.internal.Bundles - getClasspathEntries(Bundle=jakarta.annotation-api_1.3.5 [20])
2024-10-17 18:05:07,107 [Worker-23: Launching helloprint] INFO  o.eclipse.m2e.core.internal.Bundles - 	Entry: C:\Users\kaila\.p2\pool\plugins\jakarta.annotation-api_1.3.5.jar
2024-10-17 18:05:07,107 [Worker-23: Launching helloprint] INFO  o.eclipse.m2e.core.internal.Bundles - getClasspathEntries(Bundle=org.apache.commons.cli_1.6.0 [46])
2024-10-17 18:05:07,108 [Worker-23: Launching helloprint] INFO  o.eclipse.m2e.core.internal.Bundles - 	Entry: C:\Users\kaila\.p2\pool\plugins\org.apache.commons.cli_1.6.0.jar
2024-10-17 18:05:07,109 [Worker-23: Launching helloprint] INFO  o.eclipse.m2e.core.internal.Bundles - getClasspathEntries(Bundle=org.apache.commons.commons-codec_1.16.0 [48])
2024-10-17 18:05:07,110 [Worker-23: Launching helloprint] INFO  o.eclipse.m2e.core.internal.Bundles - 	Entry: C:\Users\kaila\.p2\pool\plugins\org.apache.commons.commons-codec_1.16.0.jar
2024-10-17 18:05:07,110 [Worker-23: Launching helloprint] INFO  o.eclipse.m2e.core.internal.Bundles - getClasspathEntries(Bundle=org.apache.commons.lang3_3.13.0 [53])
2024-10-17 18:05:07,111 [Worker-23: Launching helloprint] INFO  o.eclipse.m2e.core.internal.Bundles - 	Entry: C:\Users\kaila\.p2\pool\plugins\org.apache.commons.lang3_3.13.0.jar
2024-10-17 18:05:07,111 [Worker-23: Launching helloprint] INFO  o.eclipse.m2e.core.internal.Bundles - getClasspathEntries(Bundle=com.google.guava.failureaccess_1.0.2 [11])
2024-10-17 18:05:07,112 [Worker-23: Launching helloprint] INFO  o.eclipse.m2e.core.internal.Bundles - 	Entry: C:\Users\kaila\.p2\pool\plugins\com.google.guava.failureaccess_1.0.2.jar
2024-10-17 18:05:07,120 [Worker-23: Launching helloprint] INFO  o.e.m.i.launch.MavenLaunchDelegate - Run build in "C:\Users\kaila\OneDrive\Desktop\maven\helloprint":
2024-10-17 18:05:07,135 [Worker-23: Launching helloprint] INFO  o.e.m.i.launch.MavenLaunchDelegate -  mvn  -B -Dstyle.color=always clean package
2024-10-17 18:05:41,592 [Worker-25: Launching helloprint] INFO  o.eclipse.m2e.core.internal.Bundles - getClasspathEntries(Bundle=org.eclipse.m2e.maven.runtime_3.9.500.20231113-2345 [295])
2024-10-17 18:05:41,594 [Worker-25: Launching helloprint] INFO  o.eclipse.m2e.core.internal.Bundles - 	Entry: C:\Users\kaila\.p2\pool\plugins\org.eclipse.m2e.maven.runtime_3.9.500.20231113-2345
2024-10-17 18:05:41,594 [Worker-25: Launching helloprint] INFO  o.eclipse.m2e.core.internal.Bundles - 	Entry: C:\Users\kaila\.p2\pool\plugins\org.eclipse.m2e.maven.runtime_3.9.500.20231113-2345\jars\aopalliance-1.0.jar
2024-10-17 18:05:41,595 [Worker-25: Launching helloprint] INFO  o.eclipse.m2e.core.internal.Bundles - 	Entry: C:\Users\kaila\.p2\pool\plugins\org.eclipse.m2e.maven.runtime_3.9.500.20231113-2345\jars\guice-5.1.0.jar
2024-10-17 18:05:41,595 [Worker-25: Launching helloprint] INFO  o.eclipse.m2e.core.internal.Bundles - 	Entry: C:\Users\kaila\.p2\pool\plugins\org.eclipse.m2e.maven.runtime_3.9.500.20231113-2345\jars\httpclient-4.5.14.jar
2024-10-17 18:05:41,596 [Worker-25: Launching helloprint] INFO  o.eclipse.m2e.core.internal.Bundles - 	Entry: C:\Users\kaila\.p2\pool\plugins\org.eclipse.m2e.maven.runtime_3.9.500.20231113-2345\jars\httpcore-4.4.16.jar
2024-10-17 18:05:41,596 [Worker-25: Launching helloprint] INFO  o.eclipse.m2e.core.internal.Bundles - 	Entry: C:\Users\kaila\.p2\pool\plugins\org.eclipse.m2e.maven.runtime_3.9.500.20231113-2345\jars\jansi-2.4.0.jar
2024-10-17 18:05:41,596 [Worker-25: Launching helloprint] INFO  o.eclipse.m2e.core.internal.Bundles - 	Entry: C:\Users\kaila\.p2\pool\plugins\org.eclipse.m2e.maven.runtime_3.9.500.20231113-2345\jars\jcl-over-slf4j-1.7.36.jar
2024-10-17 18:05:41,597 [Worker-25: Launching helloprint] INFO  o.eclipse.m2e.core.internal.Bundles - 	Entry: C:\Users\kaila\.p2\pool\plugins\org.eclipse.m2e.maven.runtime_3.9.500.20231113-2345\jars\maven-artifact-3.9.5.jar
2024-10-17 18:05:41,597 [Worker-25: Launching helloprint] INFO  o.eclipse.m2e.core.internal.Bundles - 	Entry: C:\Users\kaila\.p2\pool\plugins\org.eclipse.m2e.maven.runtime_3.9.500.20231113-2345\jars\maven-builder-support-3.9.5.jar
2024-10-17 18:05:41,598 [Worker-25: Launching helloprint] INFO  o.eclipse.m2e.core.internal.Bundles - 	Entry: C:\Users\kaila\.p2\pool\plugins\org.eclipse.m2e.maven.runtime_3.9.500.20231113-2345\jars\maven-compat-3.9.5.jar
2024-10-17 18:05:41,599 [Worker-25: Launching helloprint] INFO  o.eclipse.m2e.core.internal.Bundles - 	Entry: C:\Users\kaila\.p2\pool\plugins\org.eclipse.m2e.maven.runtime_3.9.500.20231113-2345\jars\maven-core-3.9.5.jar
2024-10-17 18:05:41,599 [Worker-25: Launching helloprint] INFO  o.eclipse.m2e.core.internal.Bundles - 	Entry: C:\Users\kaila\.p2\pool\plugins\org.eclipse.m2e.maven.runtime_3.9.500.20231113-2345\jars\maven-embedder-3.9.5.jar
2024-10-17 18:05:41,600 [Worker-25: Launching helloprint] INFO  o.eclipse.m2e.core.internal.Bundles - 	Entry: C:\Users\kaila\.p2\pool\plugins\org.eclipse.m2e.maven.runtime_3.9.500.20231113-2345\jars\maven-model-3.9.5.jar
2024-10-17 18:05:41,600 [Worker-25: Launching helloprint] INFO  o.eclipse.m2e.core.internal.Bundles - 	Entry: C:\Users\kaila\.p2\pool\plugins\org.eclipse.m2e.maven.runtime_3.9.500.20231113-2345\jars\maven-model-builder-3.9.5.jar
2024-10-17 18:05:41,601 [Worker-25: Launching helloprint] INFO  o.eclipse.m2e.core.internal.Bundles - 	Entry: C:\Users\kaila\.p2\pool\plugins\org.eclipse.m2e.maven.runtime_3.9.500.20231113-2345\jars\maven-plugin-api-3.9.5.jar
2024-10-17 18:05:41,601 [Worker-25: Launching helloprint] INFO  o.eclipse.m2e.core.internal.Bundles - 	Entry: C:\Users\kaila\.p2\pool\plugins\org.eclipse.m2e.maven.runtime_3.9.500.20231113-2345\jars\maven-repository-metadata-3.9.5.jar
2024-10-17 18:05:41,601 [Worker-25: Launching helloprint] INFO  o.eclipse.m2e.core.internal.Bundles - 	Entry: C:\Users\kaila\.p2\pool\plugins\org.eclipse.m2e.maven.runtime_3.9.500.20231113-2345\jars\maven-resolver-api-1.9.16.jar
2024-10-17 18:05:41,602 [Worker-25: Launching helloprint] INFO  o.eclipse.m2e.core.internal.Bundles - 	Entry: C:\Users\kaila\.p2\pool\plugins\org.eclipse.m2e.maven.runtime_3.9.500.20231113-2345\jars\maven-resolver-connector-basic-1.9.16.jar
2024-10-17 18:05:41,602 [Worker-25: Launching helloprint] INFO  o.eclipse.m2e.core.internal.Bundles - 	Entry: C:\Users\kaila\.p2\pool\plugins\org.eclipse.m2e.maven.runtime_3.9.500.20231113-2345\jars\maven-resolver-impl-1.9.16.jar
2024-10-17 18:05:41,603 [Worker-25: Launching helloprint] INFO  o.eclipse.m2e.core.internal.Bundles - 	Entry: C:\Users\kaila\.p2\pool\plugins\org.eclipse.m2e.maven.runtime_3.9.500.20231113-2345\jars\maven-resolver-named-locks-1.9.16.jar
2024-10-17 18:05:41,603 [Worker-25: Launching helloprint] INFO  o.eclipse.m2e.core.internal.Bundles - 	Entry: C:\Users\kaila\.p2\pool\plugins\org.eclipse.m2e.maven.runtime_3.9.500.20231113-2345\jars\maven-resolver-provider-3.9.5.jar
2024-10-17 18:05:41,603 [Worker-25: Launching helloprint] INFO  o.eclipse.m2e.core.internal.Bundles - 	Entry: C:\Users\kaila\.p2\pool\plugins\org.eclipse.m2e.maven.runtime_3.9.500.20231113-2345\jars\maven-resolver-spi-1.9.16.jar
2024-10-17 18:05:41,604 [Worker-25: Launching helloprint] INFO  o.eclipse.m2e.core.internal.Bundles - 	Entry: C:\Users\kaila\.p2\pool\plugins\org.eclipse.m2e.maven.runtime_3.9.500.20231113-2345\jars\maven-resolver-transport-file-1.9.16.jar
2024-10-17 18:05:41,604 [Worker-25: Launching helloprint] INFO  o.eclipse.m2e.core.internal.Bundles - 	Entry: C:\Users\kaila\.p2\pool\plugins\org.eclipse.m2e.maven.runtime_3.9.500.20231113-2345\jars\maven-resolver-transport-http-1.9.16.jar
2024-10-17 18:05:41,605 [Worker-25: Launching helloprint] INFO  o.eclipse.m2e.core.internal.Bundles - 	Entry: C:\Users\kaila\.p2\pool\plugins\org.eclipse.m2e.maven.runtime_3.9.500.20231113-2345\jars\maven-resolver-transport-wagon-1.9.16.jar
2024-10-17 18:05:41,605 [Worker-25: Launching helloprint] INFO  o.eclipse.m2e.core.internal.Bundles - 	Entry: C:\Users\kaila\.p2\pool\plugins\org.eclipse.m2e.maven.runtime_3.9.500.20231113-2345\jars\maven-resolver-util-1.9.16.jar
2024-10-17 18:05:41,606 [Worker-25: Launching helloprint] INFO  o.eclipse.m2e.core.internal.Bundles - 	Entry: C:\Users\kaila\.p2\pool\plugins\org.eclipse.m2e.maven.runtime_3.9.500.20231113-2345\jars\maven-settings-3.9.5.jar
2024-10-17 18:05:41,607 [Worker-25: Launching helloprint] INFO  o.eclipse.m2e.core.internal.Bundles - 	Entry: C:\Users\kaila\.p2\pool\plugins\org.eclipse.m2e.maven.runtime_3.9.500.20231113-2345\jars\maven-settings-builder-3.9.5.jar
2024-10-17 18:05:41,607 [Worker-25: Launching helloprint] INFO  o.eclipse.m2e.core.internal.Bundles - 	Entry: C:\Users\kaila\.p2\pool\plugins\org.eclipse.m2e.maven.runtime_3.9.500.20231113-2345\jars\maven-shared-utils-3.3.4.jar
2024-10-17 18:05:41,608 [Worker-25: Launching helloprint] INFO  o.eclipse.m2e.core.internal.Bundles - 	Entry: C:\Users\kaila\.p2\pool\plugins\org.eclipse.m2e.maven.runtime_3.9.500.20231113-2345\jars\org.eclipse.sisu.inject-0.3.5.jar
2024-10-17 18:05:41,608 [Worker-25: Launching helloprint] INFO  o.eclipse.m2e.core.internal.Bundles - 	Entry: C:\Users\kaila\.p2\pool\plugins\org.eclipse.m2e.maven.runtime_3.9.500.20231113-2345\jars\org.eclipse.sisu.plexus-0.3.5.jar
2024-10-17 18:05:41,609 [Worker-25: Launching helloprint] INFO  o.eclipse.m2e.core.internal.Bundles - 	Entry: C:\Users\kaila\.p2\pool\plugins\org.eclipse.m2e.maven.runtime_3.9.500.20231113-2345\jars\plexus-build-api-0.0.7.jar
2024-10-17 18:05:41,609 [Worker-25: Launching helloprint] INFO  o.eclipse.m2e.core.internal.Bundles - 	Entry: C:\Users\kaila\.p2\pool\plugins\org.eclipse.m2e.maven.runtime_3.9.500.20231113-2345\jars\plexus-cipher-2.0.jar
2024-10-17 18:05:41,609 [Worker-25: Launching helloprint] INFO  o.eclipse.m2e.core.internal.Bundles - 	Entry: C:\Users\kaila\.p2\pool\plugins\org.eclipse.m2e.maven.runtime_3.9.500.20231113-2345\jars\plexus-classworlds-2.7.0.jar
2024-10-17 18:05:41,610 [Worker-25: Launching helloprint] INFO  o.eclipse.m2e.core.internal.Bundles - 	Entry: C:\Users\kaila\.p2\pool\plugins\org.eclipse.m2e.maven.runtime_3.9.500.20231113-2345\jars\plexus-component-annotations-2.1.0.jar
2024-10-17 18:05:41,610 [Worker-25: Launching helloprint] INFO  o.eclipse.m2e.core.internal.Bundles - 	Entry: C:\Users\kaila\.p2\pool\plugins\org.eclipse.m2e.maven.runtime_3.9.500.20231113-2345\jars\plexus-interpolation-1.26.jar
2024-10-17 18:05:41,611 [Worker-25: Launching helloprint] INFO  o.eclipse.m2e.core.internal.Bundles - 	Entry: C:\Users\kaila\.p2\pool\plugins\org.eclipse.m2e.maven.runtime_3.9.500.20231113-2345\jars\plexus-sec-dispatcher-2.0.jar
2024-10-17 18:05:41,611 [Worker-25: Launching helloprint] INFO  o.eclipse.m2e.core.internal.Bundles - 	Entry: C:\Users\kaila\.p2\pool\plugins\org.eclipse.m2e.maven.runtime_3.9.500.20231113-2345\jars\plexus-utils-3.5.1.jar
2024-10-17 18:05:41,611 [Worker-25: Launching helloprint] INFO  o.eclipse.m2e.core.internal.Bundles - 	Entry: C:\Users\kaila\.p2\pool\plugins\org.eclipse.m2e.maven.runtime_3.9.500.20231113-2345\jars\wagon-file-3.5.3.jar
2024-10-17 18:05:41,612 [Worker-25: Launching helloprint] INFO  o.eclipse.m2e.core.internal.Bundles - 	Entry: C:\Users\kaila\.p2\pool\plugins\org.eclipse.m2e.maven.runtime_3.9.500.20231113-2345\jars\wagon-http-3.5.3.jar
2024-10-17 18:05:41,612 [Worker-25: Launching helloprint] INFO  o.eclipse.m2e.core.internal.Bundles - 	Entry: C:\Users\kaila\.p2\pool\plugins\org.eclipse.m2e.maven.runtime_3.9.500.20231113-2345\jars\wagon-http-shared-3.5.3.jar
2024-10-17 18:05:41,612 [Worker-25: Launching helloprint] INFO  o.eclipse.m2e.core.internal.Bundles - 	Entry: C:\Users\kaila\.p2\pool\plugins\org.eclipse.m2e.maven.runtime_3.9.500.20231113-2345\jars\wagon-provider-api-3.5.3.jar
2024-10-17 18:05:41,612 [Worker-25: Launching helloprint] INFO  o.eclipse.m2e.core.internal.Bundles - getClasspathEntries(Bundle=com.google.guava_32.1.3.jre [10])
2024-10-17 18:05:41,613 [Worker-25: Launching helloprint] INFO  o.eclipse.m2e.core.internal.Bundles - 	Entry: C:\Users\kaila\.p2\pool\plugins\com.google.guava_32.1.3.jre.jar
2024-10-17 18:05:41,613 [Worker-25: Launching helloprint] INFO  o.eclipse.m2e.core.internal.Bundles - getClasspathEntries(Bundle=slf4j.api_2.0.9 [515])
2024-10-17 18:05:41,614 [Worker-25: Launching helloprint] INFO  o.eclipse.m2e.core.internal.Bundles - 	Entry: C:\Users\kaila\.p2\pool\plugins\slf4j.api_2.0.9.jar
2024-10-17 18:05:41,614 [Worker-25: Launching helloprint] INFO  o.eclipse.m2e.core.internal.Bundles - getClasspathEntries(Bundle=jakarta.inject.jakarta.inject-api_1.0.5 [22])
2024-10-17 18:05:41,616 [Worker-25: Launching helloprint] INFO  o.eclipse.m2e.core.internal.Bundles - 	Entry: C:\Users\kaila\.p2\pool\plugins\jakarta.inject.jakarta.inject-api_1.0.5.jar
2024-10-17 18:05:41,616 [Worker-25: Launching helloprint] INFO  o.eclipse.m2e.core.internal.Bundles - getClasspathEntries(Bundle=jakarta.annotation-api_1.3.5 [20])
2024-10-17 18:05:41,617 [Worker-25: Launching helloprint] INFO  o.eclipse.m2e.core.internal.Bundles - 	Entry: C:\Users\kaila\.p2\pool\plugins\jakarta.annotation-api_1.3.5.jar
2024-10-17 18:05:41,617 [Worker-25: Launching helloprint] INFO  o.eclipse.m2e.core.internal.Bundles - getClasspathEntries(Bundle=org.apache.commons.cli_1.6.0 [46])
2024-10-17 18:05:41,617 [Worker-25: Launching helloprint] INFO  o.eclipse.m2e.core.internal.Bundles - 	Entry: C:\Users\kaila\.p2\pool\plugins\org.apache.commons.cli_1.6.0.jar
2024-10-17 18:05:41,617 [Worker-25: Launching helloprint] INFO  o.eclipse.m2e.core.internal.Bundles - getClasspathEntries(Bundle=org.apache.commons.commons-codec_1.16.0 [48])
2024-10-17 18:05:41,618 [Worker-25: Launching helloprint] INFO  o.eclipse.m2e.core.internal.Bundles - 	Entry: C:\Users\kaila\.p2\pool\plugins\org.apache.commons.commons-codec_1.16.0.jar
2024-10-17 18:05:41,618 [Worker-25: Launching helloprint] INFO  o.eclipse.m2e.core.internal.Bundles - getClasspathEntries(Bundle=org.apache.commons.lang3_3.13.0 [53])
2024-10-17 18:05:41,618 [Worker-25: Launching helloprint] INFO  o.eclipse.m2e.core.internal.Bundles - 	Entry: C:\Users\kaila\.p2\pool\plugins\org.apache.commons.lang3_3.13.0.jar
2024-10-17 18:05:41,618 [Worker-25: Launching helloprint] INFO  o.eclipse.m2e.core.internal.Bundles - getClasspathEntries(Bundle=com.google.guava.failureaccess_1.0.2 [11])
2024-10-17 18:05:41,619 [Worker-25: Launching helloprint] INFO  o.eclipse.m2e.core.internal.Bundles - 	Entry: C:\Users\kaila\.p2\pool\plugins\com.google.guava.failureaccess_1.0.2.jar
2024-10-17 18:05:41,622 [Worker-25: Launching helloprint] INFO  o.e.m.i.launch.MavenLaunchDelegate - Run build in "C:\Users\kaila\OneDrive\Desktop\maven\helloprint":
2024-10-17 18:05:41,622 [Worker-25: Launching helloprint] INFO  o.e.m.i.launch.MavenLaunchDelegate -  mvn  -B -Dstyle.color=always clean package
2024-10-17 18:06:53,435 [Worker-23: Launching helloprint] INFO  o.eclipse.m2e.core.internal.Bundles - getClasspathEntries(Bundle=org.eclipse.m2e.maven.runtime_3.9.500.20231113-2345 [295])
2024-10-17 18:06:53,436 [Worker-23: Launching helloprint] INFO  o.eclipse.m2e.core.internal.Bundles - 	Entry: C:\Users\kaila\.p2\pool\plugins\org.eclipse.m2e.maven.runtime_3.9.500.20231113-2345
2024-10-17 18:06:53,437 [Worker-23: Launching helloprint] INFO  o.eclipse.m2e.core.internal.Bundles - 	Entry: C:\Users\kaila\.p2\pool\plugins\org.eclipse.m2e.maven.runtime_3.9.500.20231113-2345\jars\aopalliance-1.0.jar
2024-10-17 18:06:53,437 [Worker-23: Launching helloprint] INFO  o.eclipse.m2e.core.internal.Bundles - 	Entry: C:\Users\kaila\.p2\pool\plugins\org.eclipse.m2e.maven.runtime_3.9.500.20231113-2345\jars\guice-5.1.0.jar
2024-10-17 18:06:53,437 [Worker-23: Launching helloprint] INFO  o.eclipse.m2e.core.internal.Bundles - 	Entry: C:\Users\kaila\.p2\pool\plugins\org.eclipse.m2e.maven.runtime_3.9.500.20231113-2345\jars\httpclient-4.5.14.jar
2024-10-17 18:06:53,438 [Worker-23: Launching helloprint] INFO  o.eclipse.m2e.core.internal.Bundles - 	Entry: C:\Users\kaila\.p2\pool\plugins\org.eclipse.m2e.maven.runtime_3.9.500.20231113-2345\jars\httpcore-4.4.16.jar
2024-10-17 18:06:53,438 [Worker-23: Launching helloprint] INFO  o.eclipse.m2e.core.internal.Bundles - 	Entry: C:\Users\kaila\.p2\pool\plugins\org.eclipse.m2e.maven.runtime_3.9.500.20231113-2345\jars\jansi-2.4.0.jar
2024-10-17 18:06:53,438 [Worker-23: Launching helloprint] INFO  o.eclipse.m2e.core.internal.Bundles - 	Entry: C:\Users\kaila\.p2\pool\plugins\org.eclipse.m2e.maven.runtime_3.9.500.20231113-2345\jars\jcl-over-slf4j-1.7.36.jar
2024-10-17 18:06:53,438 [Worker-23: Launching helloprint] INFO  o.eclipse.m2e.core.internal.Bundles - 	Entry: C:\Users\kaila\.p2\pool\plugins\org.eclipse.m2e.maven.runtime_3.9.500.20231113-2345\jars\maven-artifact-3.9.5.jar
2024-10-17 18:06:53,438 [Worker-23: Launching helloprint] INFO  o.eclipse.m2e.core.internal.Bundles - 	Entry: C:\Users\kaila\.p2\pool\plugins\org.eclipse.m2e.maven.runtime_3.9.500.20231113-2345\jars\maven-builder-support-3.9.5.jar
2024-10-17 18:06:53,439 [Worker-23: Launching helloprint] INFO  o.eclipse.m2e.core.internal.Bundles - 	Entry: C:\Users\kaila\.p2\pool\plugins\org.eclipse.m2e.maven.runtime_3.9.500.20231113-2345\jars\maven-compat-3.9.5.jar
2024-10-17 18:06:53,439 [Worker-23: Launching helloprint] INFO  o.eclipse.m2e.core.internal.Bundles - 	Entry: C:\Users\kaila\.p2\pool\plugins\org.eclipse.m2e.maven.runtime_3.9.500.20231113-2345\jars\maven-core-3.9.5.jar
2024-10-17 18:06:53,439 [Worker-23: Launching helloprint] INFO  o.eclipse.m2e.core.internal.Bundles - 	Entry: C:\Users\kaila\.p2\pool\plugins\org.eclipse.m2e.maven.runtime_3.9.500.20231113-2345\jars\maven-embedder-3.9.5.jar
2024-10-17 18:06:53,439 [Worker-23: Launching helloprint] INFO  o.eclipse.m2e.core.internal.Bundles - 	Entry: C:\Users\kaila\.p2\pool\plugins\org.eclipse.m2e.maven.runtime_3.9.500.20231113-2345\jars\maven-model-3.9.5.jar
2024-10-17 18:06:53,439 [Worker-23: Launching helloprint] INFO  o.eclipse.m2e.core.internal.Bundles - 	Entry: C:\Users\kaila\.p2\pool\plugins\org.eclipse.m2e.maven.runtime_3.9.500.20231113-2345\jars\maven-model-builder-3.9.5.jar
2024-10-17 18:06:53,440 [Worker-23: Launching helloprint] INFO  o.eclipse.m2e.core.internal.Bundles - 	Entry: C:\Users\kaila\.p2\pool\plugins\org.eclipse.m2e.maven.runtime_3.9.500.20231113-2345\jars\maven-plugin-api-3.9.5.jar
2024-10-17 18:06:53,441 [Worker-23: Launching helloprint] INFO  o.eclipse.m2e.core.internal.Bundles - 	Entry: C:\Users\kaila\.p2\pool\plugins\org.eclipse.m2e.maven.runtime_3.9.500.20231113-2345\jars\maven-repository-metadata-3.9.5.jar
2024-10-17 18:06:53,441 [Worker-23: Launching helloprint] INFO  o.eclipse.m2e.core.internal.Bundles - 	Entry: C:\Users\kaila\.p2\pool\plugins\org.eclipse.m2e.maven.runtime_3.9.500.20231113-2345\jars\maven-resolver-api-1.9.16.jar
2024-10-17 18:06:53,442 [Worker-23: Launching helloprint] INFO  o.eclipse.m2e.core.internal.Bundles - 	Entry: C:\Users\kaila\.p2\pool\plugins\org.eclipse.m2e.maven.runtime_3.9.500.20231113-2345\jars\maven-resolver-connector-basic-1.9.16.jar
2024-10-17 18:06:53,442 [Worker-23: Launching helloprint] INFO  o.eclipse.m2e.core.internal.Bundles - 	Entry: C:\Users\kaila\.p2\pool\plugins\org.eclipse.m2e.maven.runtime_3.9.500.20231113-2345\jars\maven-resolver-impl-1.9.16.jar
2024-10-17 18:06:53,442 [Worker-23: Launching helloprint] INFO  o.eclipse.m2e.core.internal.Bundles - 	Entry: C:\Users\kaila\.p2\pool\plugins\org.eclipse.m2e.maven.runtime_3.9.500.20231113-2345\jars\maven-resolver-named-locks-1.9.16.jar
2024-10-17 18:06:53,442 [Worker-23: Launching helloprint] INFO  o.eclipse.m2e.core.internal.Bundles - 	Entry: C:\Users\kaila\.p2\pool\plugins\org.eclipse.m2e.maven.runtime_3.9.500.20231113-2345\jars\maven-resolver-provider-3.9.5.jar
2024-10-17 18:06:53,443 [Worker-23: Launching helloprint] INFO  o.eclipse.m2e.core.internal.Bundles - 	Entry: C:\Users\kaila\.p2\pool\plugins\org.eclipse.m2e.maven.runtime_3.9.500.20231113-2345\jars\maven-resolver-spi-1.9.16.jar
2024-10-17 18:06:53,443 [Worker-23: Launching helloprint] INFO  o.eclipse.m2e.core.internal.Bundles - 	Entry: C:\Users\kaila\.p2\pool\plugins\org.eclipse.m2e.maven.runtime_3.9.500.20231113-2345\jars\maven-resolver-transport-file-1.9.16.jar
2024-10-17 18:06:53,443 [Worker-23: Launching helloprint] INFO  o.eclipse.m2e.core.internal.Bundles - 	Entry: C:\Users\kaila\.p2\pool\plugins\org.eclipse.m2e.maven.runtime_3.9.500.20231113-2345\jars\maven-resolver-transport-http-1.9.16.jar
2024-10-17 18:06:53,443 [Worker-23: Launching helloprint] INFO  o.eclipse.m2e.core.internal.Bundles - 	Entry: C:\Users\kaila\.p2\pool\plugins\org.eclipse.m2e.maven.runtime_3.9.500.20231113-2345\jars\maven-resolver-transport-wagon-1.9.16.jar
2024-10-17 18:06:53,444 [Worker-23: Launching helloprint] INFO  o.eclipse.m2e.core.internal.Bundles - 	Entry: C:\Users\kaila\.p2\pool\plugins\org.eclipse.m2e.maven.runtime_3.9.500.20231113-2345\jars\maven-resolver-util-1.9.16.jar
2024-10-17 18:06:53,444 [Worker-23: Launching helloprint] INFO  o.eclipse.m2e.core.internal.Bundles - 	Entry: C:\Users\kaila\.p2\pool\plugins\org.eclipse.m2e.maven.runtime_3.9.500.20231113-2345\jars\maven-settings-3.9.5.jar
2024-10-17 18:06:53,444 [Worker-23: Launching helloprint] INFO  o.eclipse.m2e.core.internal.Bundles - 	Entry: C:\Users\kaila\.p2\pool\plugins\org.eclipse.m2e.maven.runtime_3.9.500.20231113-2345\jars\maven-settings-builder-3.9.5.jar
2024-10-17 18:06:53,444 [Worker-23: Launching helloprint] INFO  o.eclipse.m2e.core.internal.Bundles - 	Entry: C:\Users\kaila\.p2\pool\plugins\org.eclipse.m2e.maven.runtime_3.9.500.20231113-2345\jars\maven-shared-utils-3.3.4.jar
2024-10-17 18:06:53,445 [Worker-23: Launching helloprint] INFO  o.eclipse.m2e.core.internal.Bundles - 	Entry: C:\Users\kaila\.p2\pool\plugins\org.eclipse.m2e.maven.runtime_3.9.500.20231113-2345\jars\org.eclipse.sisu.inject-0.3.5.jar
2024-10-17 18:06:53,445 [Worker-23: Launching helloprint] INFO  o.eclipse.m2e.core.internal.Bundles - 	Entry: C:\Users\kaila\.p2\pool\plugins\org.eclipse.m2e.maven.runtime_3.9.500.20231113-2345\jars\org.eclipse.sisu.plexus-0.3.5.jar
2024-10-17 18:06:53,445 [Worker-23: Launching helloprint] INFO  o.eclipse.m2e.core.internal.Bundles - 	Entry: C:\Users\kaila\.p2\pool\plugins\org.eclipse.m2e.maven.runtime_3.9.500.20231113-2345\jars\plexus-build-api-0.0.7.jar
2024-10-17 18:06:53,445 [Worker-23: Launching helloprint] INFO  o.eclipse.m2e.core.internal.Bundles - 	Entry: C:\Users\kaila\.p2\pool\plugins\org.eclipse.m2e.maven.runtime_3.9.500.20231113-2345\jars\plexus-cipher-2.0.jar
2024-10-17 18:06:53,446 [Worker-23: Launching helloprint] INFO  o.eclipse.m2e.core.internal.Bundles - 	Entry: C:\Users\kaila\.p2\pool\plugins\org.eclipse.m2e.maven.runtime_3.9.500.20231113-2345\jars\plexus-classworlds-2.7.0.jar
2024-10-17 18:06:53,446 [Worker-23: Launching helloprint] INFO  o.eclipse.m2e.core.internal.Bundles - 	Entry: C:\Users\kaila\.p2\pool\plugins\org.eclipse.m2e.maven.runtime_3.9.500.20231113-2345\jars\plexus-component-annotations-2.1.0.jar
2024-10-17 18:06:53,446 [Worker-23: Launching helloprint] INFO  o.eclipse.m2e.core.internal.Bundles - 	Entry: C:\Users\kaila\.p2\pool\plugins\org.eclipse.m2e.maven.runtime_3.9.500.20231113-2345\jars\plexus-interpolation-1.26.jar
2024-10-17 18:06:53,446 [Worker-23: Launching helloprint] INFO  o.eclipse.m2e.core.internal.Bundles - 	Entry: C:\Users\kaila\.p2\pool\plugins\org.eclipse.m2e.maven.runtime_3.9.500.20231113-2345\jars\plexus-sec-dispatcher-2.0.jar
2024-10-17 18:06:53,447 [Worker-23: Launching helloprint] INFO  o.eclipse.m2e.core.internal.Bundles - 	Entry: C:\Users\kaila\.p2\pool\plugins\org.eclipse.m2e.maven.runtime_3.9.500.20231113-2345\jars\plexus-utils-3.5.1.jar
2024-10-17 18:06:53,447 [Worker-23: Launching helloprint] INFO  o.eclipse.m2e.core.internal.Bundles - 	Entry: C:\Users\kaila\.p2\pool\plugins\org.eclipse.m2e.maven.runtime_3.9.500.20231113-2345\jars\wagon-file-3.5.3.jar
2024-10-17 18:06:53,447 [Worker-23: Launching helloprint] INFO  o.eclipse.m2e.core.internal.Bundles - 	Entry: C:\Users\kaila\.p2\pool\plugins\org.eclipse.m2e.maven.runtime_3.9.500.20231113-2345\jars\wagon-http-3.5.3.jar
2024-10-17 18:06:53,447 [Worker-23: Launching helloprint] INFO  o.eclipse.m2e.core.internal.Bundles - 	Entry: C:\Users\kaila\.p2\pool\plugins\org.eclipse.m2e.maven.runtime_3.9.500.20231113-2345\jars\wagon-http-shared-3.5.3.jar
2024-10-17 18:06:53,448 [Worker-23: Launching helloprint] INFO  o.eclipse.m2e.core.internal.Bundles - 	Entry: C:\Users\kaila\.p2\pool\plugins\org.eclipse.m2e.maven.runtime_3.9.500.20231113-2345\jars\wagon-provider-api-3.5.3.jar
2024-10-17 18:06:53,448 [Worker-23: Launching helloprint] INFO  o.eclipse.m2e.core.internal.Bundles - getClasspathEntries(Bundle=com.google.guava_32.1.3.jre [10])
2024-10-17 18:06:53,449 [Worker-23: Launching helloprint] INFO  o.eclipse.m2e.core.internal.Bundles - 	Entry: C:\Users\kaila\.p2\pool\plugins\com.google.guava_32.1.3.jre.jar
2024-10-17 18:06:53,449 [Worker-23: Launching helloprint] INFO  o.eclipse.m2e.core.internal.Bundles - getClasspathEntries(Bundle=slf4j.api_2.0.9 [515])
2024-10-17 18:06:53,450 [Worker-23: Launching helloprint] INFO  o.eclipse.m2e.core.internal.Bundles - 	Entry: C:\Users\kaila\.p2\pool\plugins\slf4j.api_2.0.9.jar
2024-10-17 18:06:53,450 [Worker-23: Launching helloprint] INFO  o.eclipse.m2e.core.internal.Bundles - getClasspathEntries(Bundle=jakarta.inject.jakarta.inject-api_1.0.5 [22])
2024-10-17 18:06:53,450 [Worker-23: Launching helloprint] INFO  o.eclipse.m2e.core.internal.Bundles - 	Entry: C:\Users\kaila\.p2\pool\plugins\jakarta.inject.jakarta.inject-api_1.0.5.jar
2024-10-17 18:06:53,451 [Worker-23: Launching helloprint] INFO  o.eclipse.m2e.core.internal.Bundles - getClasspathEntries(Bundle=jakarta.annotation-api_1.3.5 [20])
2024-10-17 18:06:53,451 [Worker-23: Launching helloprint] INFO  o.eclipse.m2e.core.internal.Bundles - 	Entry: C:\Users\kaila\.p2\pool\plugins\jakarta.annotation-api_1.3.5.jar
2024-10-17 18:06:53,451 [Worker-23: Launching helloprint] INFO  o.eclipse.m2e.core.internal.Bundles - getClasspathEntries(Bundle=org.apache.commons.cli_1.6.0 [46])
2024-10-17 18:06:53,452 [Worker-23: Launching helloprint] INFO  o.eclipse.m2e.core.internal.Bundles - 	Entry: C:\Users\kaila\.p2\pool\plugins\org.apache.commons.cli_1.6.0.jar
2024-10-17 18:06:53,452 [Worker-23: Launching helloprint] INFO  o.eclipse.m2e.core.internal.Bundles - getClasspathEntries(Bundle=org.apache.commons.commons-codec_1.16.0 [48])
2024-10-17 18:06:53,452 [Worker-23: Launching helloprint] INFO  o.eclipse.m2e.core.internal.Bundles - 	Entry: C:\Users\kaila\.p2\pool\plugins\org.apache.commons.commons-codec_1.16.0.jar
2024-10-17 18:06:53,452 [Worker-23: Launching helloprint] INFO  o.eclipse.m2e.core.internal.Bundles - getClasspathEntries(Bundle=org.apache.commons.lang3_3.13.0 [53])
2024-10-17 18:06:53,453 [Worker-23: Launching helloprint] INFO  o.eclipse.m2e.core.internal.Bundles - 	Entry: C:\Users\kaila\.p2\pool\plugins\org.apache.commons.lang3_3.13.0.jar
2024-10-17 18:06:53,453 [Worker-23: Launching helloprint] INFO  o.eclipse.m2e.core.internal.Bundles - getClasspathEntries(Bundle=com.google.guava.failureaccess_1.0.2 [11])
2024-10-17 18:06:53,453 [Worker-23: Launching helloprint] INFO  o.eclipse.m2e.core.internal.Bundles - 	Entry: C:\Users\kaila\.p2\pool\plugins\com.google.guava.failureaccess_1.0.2.jar
2024-10-17 18:06:53,456 [Worker-23: Launching helloprint] INFO  o.e.m.i.launch.MavenLaunchDelegate - Run build in "C:\Users\kaila\OneDrive\Desktop\maven\helloprint":
2024-10-17 18:06:53,456 [Worker-23: Launching helloprint] INFO  o.e.m.i.launch.MavenLaunchDelegate -  mvn  -B -Dstyle.color=always clean package
2024-10-17 18:07:29,459 [Worker-11: Launching helloprint] INFO  o.eclipse.m2e.core.internal.Bundles - getClasspathEntries(Bundle=org.eclipse.m2e.maven.runtime_3.9.500.20231113-2345 [295])
2024-10-17 18:07:29,460 [Worker-11: Launching helloprint] INFO  o.eclipse.m2e.core.internal.Bundles - 	Entry: C:\Users\kaila\.p2\pool\plugins\org.eclipse.m2e.maven.runtime_3.9.500.20231113-2345
2024-10-17 18:07:29,461 [Worker-11: Launching helloprint] INFO  o.eclipse.m2e.core.internal.Bundles - 	Entry: C:\Users\kaila\.p2\pool\plugins\org.eclipse.m2e.maven.runtime_3.9.500.20231113-2345\jars\aopalliance-1.0.jar
2024-10-17 18:07:29,461 [Worker-11: Launching helloprint] INFO  o.eclipse.m2e.core.internal.Bundles - 	Entry: C:\Users\kaila\.p2\pool\plugins\org.eclipse.m2e.maven.runtime_3.9.500.20231113-2345\jars\guice-5.1.0.jar
2024-10-17 18:07:29,461 [Worker-11: Launching helloprint] INFO  o.eclipse.m2e.core.internal.Bundles - 	Entry: C:\Users\kaila\.p2\pool\plugins\org.eclipse.m2e.maven.runtime_3.9.500.20231113-2345\jars\httpclient-4.5.14.jar
2024-10-17 18:07:29,461 [Worker-11: Launching helloprint] INFO  o.eclipse.m2e.core.internal.Bundles - 	Entry: C:\Users\kaila\.p2\pool\plugins\org.eclipse.m2e.maven.runtime_3.9.500.20231113-2345\jars\httpcore-4.4.16.jar
2024-10-17 18:07:29,462 [Worker-11: Launching helloprint] INFO  o.eclipse.m2e.core.internal.Bundles - 	Entry: C:\Users\kaila\.p2\pool\plugins\org.eclipse.m2e.maven.runtime_3.9.500.20231113-2345\jars\jansi-2.4.0.jar
2024-10-17 18:07:29,462 [Worker-11: Launching helloprint] INFO  o.eclipse.m2e.core.internal.Bundles - 	Entry: C:\Users\kaila\.p2\pool\plugins\org.eclipse.m2e.maven.runtime_3.9.500.20231113-2345\jars\jcl-over-slf4j-1.7.36.jar
2024-10-17 18:07:29,462 [Worker-11: Launching helloprint] INFO  o.eclipse.m2e.core.internal.Bundles - 	Entry: C:\Users\kaila\.p2\pool\plugins\org.eclipse.m2e.maven.runtime_3.9.500.20231113-2345\jars\maven-artifact-3.9.5.jar
2024-10-17 18:07:29,462 [Worker-11: Launching helloprint] INFO  o.eclipse.m2e.core.internal.Bundles - 	Entry: C:\Users\kaila\.p2\pool\plugins\org.eclipse.m2e.maven.runtime_3.9.500.20231113-2345\jars\maven-builder-support-3.9.5.jar
2024-10-17 18:07:29,463 [Worker-11: Launching helloprint] INFO  o.eclipse.m2e.core.internal.Bundles - 	Entry: C:\Users\kaila\.p2\pool\plugins\org.eclipse.m2e.maven.runtime_3.9.500.20231113-2345\jars\maven-compat-3.9.5.jar
2024-10-17 18:07:29,463 [Worker-11: Launching helloprint] INFO  o.eclipse.m2e.core.internal.Bundles - 	Entry: C:\Users\kaila\.p2\pool\plugins\org.eclipse.m2e.maven.runtime_3.9.500.20231113-2345\jars\maven-core-3.9.5.jar
2024-10-17 18:07:29,463 [Worker-11: Launching helloprint] INFO  o.eclipse.m2e.core.internal.Bundles - 	Entry: C:\Users\kaila\.p2\pool\plugins\org.eclipse.m2e.maven.runtime_3.9.500.20231113-2345\jars\maven-embedder-3.9.5.jar
2024-10-17 18:07:29,463 [Worker-11: Launching helloprint] INFO  o.eclipse.m2e.core.internal.Bundles - 	Entry: C:\Users\kaila\.p2\pool\plugins\org.eclipse.m2e.maven.runtime_3.9.500.20231113-2345\jars\maven-model-3.9.5.jar
2024-10-17 18:07:29,464 [Worker-11: Launching helloprint] INFO  o.eclipse.m2e.core.internal.Bundles - 	Entry: C:\Users\kaila\.p2\pool\plugins\org.eclipse.m2e.maven.runtime_3.9.500.20231113-2345\jars\maven-model-builder-3.9.5.jar
2024-10-17 18:07:29,464 [Worker-11: Launching helloprint] INFO  o.eclipse.m2e.core.internal.Bundles - 	Entry: C:\Users\kaila\.p2\pool\plugins\org.eclipse.m2e.maven.runtime_3.9.500.20231113-2345\jars\maven-plugin-api-3.9.5.jar
2024-10-17 18:07:29,465 [Worker-11: Launching helloprint] INFO  o.eclipse.m2e.core.internal.Bundles - 	Entry: C:\Users\kaila\.p2\pool\plugins\org.eclipse.m2e.maven.runtime_3.9.500.20231113-2345\jars\maven-repository-metadata-3.9.5.jar
2024-10-17 18:07:29,465 [Worker-11: Launching helloprint] INFO  o.eclipse.m2e.core.internal.Bundles - 	Entry: C:\Users\kaila\.p2\pool\plugins\org.eclipse.m2e.maven.runtime_3.9.500.20231113-2345\jars\maven-resolver-api-1.9.16.jar
2024-10-17 18:07:29,466 [Worker-11: Launching helloprint] INFO  o.eclipse.m2e.core.internal.Bundles - 	Entry: C:\Users\kaila\.p2\pool\plugins\org.eclipse.m2e.maven.runtime_3.9.500.20231113-2345\jars\maven-resolver-connector-basic-1.9.16.jar
2024-10-17 18:07:29,466 [Worker-11: Launching helloprint] INFO  o.eclipse.m2e.core.internal.Bundles - 	Entry: C:\Users\kaila\.p2\pool\plugins\org.eclipse.m2e.maven.runtime_3.9.500.20231113-2345\jars\maven-resolver-impl-1.9.16.jar
2024-10-17 18:07:29,467 [Worker-11: Launching helloprint] INFO  o.eclipse.m2e.core.internal.Bundles - 	Entry: C:\Users\kaila\.p2\pool\plugins\org.eclipse.m2e.maven.runtime_3.9.500.20231113-2345\jars\maven-resolver-named-locks-1.9.16.jar
2024-10-17 18:07:29,467 [Worker-11: Launching helloprint] INFO  o.eclipse.m2e.core.internal.Bundles - 	Entry: C:\Users\kaila\.p2\pool\plugins\org.eclipse.m2e.maven.runtime_3.9.500.20231113-2345\jars\maven-resolver-provider-3.9.5.jar
2024-10-17 18:07:29,468 [Worker-11: Launching helloprint] INFO  o.eclipse.m2e.core.internal.Bundles - 	Entry: C:\Users\kaila\.p2\pool\plugins\org.eclipse.m2e.maven.runtime_3.9.500.20231113-2345\jars\maven-resolver-spi-1.9.16.jar
2024-10-17 18:07:29,469 [Worker-11: Launching helloprint] INFO  o.eclipse.m2e.core.internal.Bundles - 	Entry: C:\Users\kaila\.p2\pool\plugins\org.eclipse.m2e.maven.runtime_3.9.500.20231113-2345\jars\maven-resolver-transport-file-1.9.16.jar
2024-10-17 18:07:29,469 [Worker-11: Launching helloprint] INFO  o.eclipse.m2e.core.internal.Bundles - 	Entry: C:\Users\kaila\.p2\pool\plugins\org.eclipse.m2e.maven.runtime_3.9.500.20231113-2345\jars\maven-resolver-transport-http-1.9.16.jar
2024-10-17 18:07:29,470 [Worker-11: Launching helloprint] INFO  o.eclipse.m2e.core.internal.Bundles - 	Entry: C:\Users\kaila\.p2\pool\plugins\org.eclipse.m2e.maven.runtime_3.9.500.20231113-2345\jars\maven-resolver-transport-wagon-1.9.16.jar
2024-10-17 18:07:29,470 [Worker-11: Launching helloprint] INFO  o.eclipse.m2e.core.internal.Bundles - 	Entry: C:\Users\kaila\.p2\pool\plugins\org.eclipse.m2e.maven.runtime_3.9.500.20231113-2345\jars\maven-resolver-util-1.9.16.jar
2024-10-17 18:07:29,470 [Worker-11: Launching helloprint] INFO  o.eclipse.m2e.core.internal.Bundles - 	Entry: C:\Users\kaila\.p2\pool\plugins\org.eclipse.m2e.maven.runtime_3.9.500.20231113-2345\jars\maven-settings-3.9.5.jar
2024-10-17 18:07:29,471 [Worker-11: Launching helloprint] INFO  o.eclipse.m2e.core.internal.Bundles - 	Entry: C:\Users\kaila\.p2\pool\plugins\org.eclipse.m2e.maven.runtime_3.9.500.20231113-2345\jars\maven-settings-builder-3.9.5.jar
2024-10-17 18:07:29,473 [Worker-11: Launching helloprint] INFO  o.eclipse.m2e.core.internal.Bundles - 	Entry: C:\Users\kaila\.p2\pool\plugins\org.eclipse.m2e.maven.runtime_3.9.500.20231113-2345\jars\maven-shared-utils-3.3.4.jar
2024-10-17 18:07:29,474 [Worker-11: Launching helloprint] INFO  o.eclipse.m2e.core.internal.Bundles - 	Entry: C:\Users\kaila\.p2\pool\plugins\org.eclipse.m2e.maven.runtime_3.9.500.20231113-2345\jars\org.eclipse.sisu.inject-0.3.5.jar
2024-10-17 18:07:29,475 [Worker-11: Launching helloprint] INFO  o.eclipse.m2e.core.internal.Bundles - 	Entry: C:\Users\kaila\.p2\pool\plugins\org.eclipse.m2e.maven.runtime_3.9.500.20231113-2345\jars\org.eclipse.sisu.plexus-0.3.5.jar
2024-10-17 18:07:29,475 [Worker-11: Launching helloprint] INFO  o.eclipse.m2e.core.internal.Bundles - 	Entry: C:\Users\kaila\.p2\pool\plugins\org.eclipse.m2e.maven.runtime_3.9.500.20231113-2345\jars\plexus-build-api-0.0.7.jar
2024-10-17 18:07:29,475 [Worker-11: Launching helloprint] INFO  o.eclipse.m2e.core.internal.Bundles - 	Entry: C:\Users\kaila\.p2\pool\plugins\org.eclipse.m2e.maven.runtime_3.9.500.20231113-2345\jars\plexus-cipher-2.0.jar
2024-10-17 18:07:29,475 [Worker-11: Launching helloprint] INFO  o.eclipse.m2e.core.internal.Bundles - 	Entry: C:\Users\kaila\.p2\pool\plugins\org.eclipse.m2e.maven.runtime_3.9.500.20231113-2345\jars\plexus-classworlds-2.7.0.jar
2024-10-17 18:07:29,476 [Worker-11: Launching helloprint] INFO  o.eclipse.m2e.core.internal.Bundles - 	Entry: C:\Users\kaila\.p2\pool\plugins\org.eclipse.m2e.maven.runtime_3.9.500.20231113-2345\jars\plexus-component-annotations-2.1.0.jar
2024-10-17 18:07:29,476 [Worker-11: Launching helloprint] INFO  o.eclipse.m2e.core.internal.Bundles - 	Entry: C:\Users\kaila\.p2\pool\plugins\org.eclipse.m2e.maven.runtime_3.9.500.20231113-2345\jars\plexus-interpolation-1.26.jar
2024-10-17 18:07:29,476 [Worker-11: Launching helloprint] INFO  o.eclipse.m2e.core.internal.Bundles - 	Entry: C:\Users\kaila\.p2\pool\plugins\org.eclipse.m2e.maven.runtime_3.9.500.20231113-2345\jars\plexus-sec-dispatcher-2.0.jar
2024-10-17 18:07:29,477 [Worker-11: Launching helloprint] INFO  o.eclipse.m2e.core.internal.Bundles - 	Entry: C:\Users\kaila\.p2\pool\plugins\org.eclipse.m2e.maven.runtime_3.9.500.20231113-2345\jars\plexus-utils-3.5.1.jar
2024-10-17 18:07:29,477 [Worker-11: Launching helloprint] INFO  o.eclipse.m2e.core.internal.Bundles - 	Entry: C:\Users\kaila\.p2\pool\plugins\org.eclipse.m2e.maven.runtime_3.9.500.20231113-2345\jars\wagon-file-3.5.3.jar
2024-10-17 18:07:29,478 [Worker-11: Launching helloprint] INFO  o.eclipse.m2e.core.internal.Bundles - 	Entry: C:\Users\kaila\.p2\pool\plugins\org.eclipse.m2e.maven.runtime_3.9.500.20231113-2345\jars\wagon-http-3.5.3.jar
2024-10-17 18:07:29,478 [Worker-11: Launching helloprint] INFO  o.eclipse.m2e.core.internal.Bundles - 	Entry: C:\Users\kaila\.p2\pool\plugins\org.eclipse.m2e.maven.runtime_3.9.500.20231113-2345\jars\wagon-http-shared-3.5.3.jar
2024-10-17 18:07:29,478 [Worker-11: Launching helloprint] INFO  o.eclipse.m2e.core.internal.Bundles - 	Entry: C:\Users\kaila\.p2\pool\plugins\org.eclipse.m2e.maven.runtime_3.9.500.20231113-2345\jars\wagon-provider-api-3.5.3.jar
2024-10-17 18:07:29,478 [Worker-11: Launching helloprint] INFO  o.eclipse.m2e.core.internal.Bundles - getClasspathEntries(Bundle=com.google.guava_32.1.3.jre [10])
2024-10-17 18:07:29,479 [Worker-11: Launching helloprint] INFO  o.eclipse.m2e.core.internal.Bundles - 	Entry: C:\Users\kaila\.p2\pool\plugins\com.google.guava_32.1.3.jre.jar
2024-10-17 18:07:29,479 [Worker-11: Launching helloprint] INFO  o.eclipse.m2e.core.internal.Bundles - getClasspathEntries(Bundle=slf4j.api_2.0.9 [515])
2024-10-17 18:07:29,480 [Worker-11: Launching helloprint] INFO  o.eclipse.m2e.core.internal.Bundles - 	Entry: C:\Users\kaila\.p2\pool\plugins\slf4j.api_2.0.9.jar
2024-10-17 18:07:29,480 [Worker-11: Launching helloprint] INFO  o.eclipse.m2e.core.internal.Bundles - getClasspathEntries(Bundle=jakarta.inject.jakarta.inject-api_1.0.5 [22])
2024-10-17 18:07:29,480 [Worker-11: Launching helloprint] INFO  o.eclipse.m2e.core.internal.Bundles - 	Entry: C:\Users\kaila\.p2\pool\plugins\jakarta.inject.jakarta.inject-api_1.0.5.jar
2024-10-17 18:07:29,480 [Worker-11: Launching helloprint] INFO  o.eclipse.m2e.core.internal.Bundles - getClasspathEntries(Bundle=jakarta.annotation-api_1.3.5 [20])
2024-10-17 18:07:29,481 [Worker-11: Launching helloprint] INFO  o.eclipse.m2e.core.internal.Bundles - 	Entry: C:\Users\kaila\.p2\pool\plugins\jakarta.annotation-api_1.3.5.jar
2024-10-17 18:07:29,481 [Worker-11: Launching helloprint] INFO  o.eclipse.m2e.core.internal.Bundles - getClasspathEntries(Bundle=org.apache.commons.cli_1.6.0 [46])
2024-10-17 18:07:29,481 [Worker-11: Launching helloprint] INFO  o.eclipse.m2e.core.internal.Bundles - 	Entry: C:\Users\kaila\.p2\pool\plugins\org.apache.commons.cli_1.6.0.jar
2024-10-17 18:07:29,481 [Worker-11: Launching helloprint] INFO  o.eclipse.m2e.core.internal.Bundles - getClasspathEntries(Bundle=org.apache.commons.commons-codec_1.16.0 [48])
2024-10-17 18:07:29,482 [Worker-11: Launching helloprint] INFO  o.eclipse.m2e.core.internal.Bundles - 	Entry: C:\Users\kaila\.p2\pool\plugins\org.apache.commons.commons-codec_1.16.0.jar
2024-10-17 18:07:29,482 [Worker-11: Launching helloprint] INFO  o.eclipse.m2e.core.internal.Bundles - getClasspathEntries(Bundle=org.apache.commons.lang3_3.13.0 [53])
2024-10-17 18:07:29,483 [Worker-11: Launching helloprint] INFO  o.eclipse.m2e.core.internal.Bundles - 	Entry: C:\Users\kaila\.p2\pool\plugins\org.apache.commons.lang3_3.13.0.jar
2024-10-17 18:07:29,483 [Worker-11: Launching helloprint] INFO  o.eclipse.m2e.core.internal.Bundles - getClasspathEntries(Bundle=com.google.guava.failureaccess_1.0.2 [11])
2024-10-17 18:07:29,484 [Worker-11: Launching helloprint] INFO  o.eclipse.m2e.core.internal.Bundles - 	Entry: C:\Users\kaila\.p2\pool\plugins\com.google.guava.failureaccess_1.0.2.jar
2024-10-17 18:07:29,487 [Worker-11: Launching helloprint] INFO  o.e.m.i.launch.MavenLaunchDelegate - Run build in "C:\Users\kaila\OneDrive\Desktop\maven\helloprint":
2024-10-17 18:07:29,487 [Worker-11: Launching helloprint] INFO  o.e.m.i.launch.MavenLaunchDelegate -  mvn  -B -Dstyle.color=always clean package
2024-10-17 18:07:52,434 [Worker-6: Launching helloprint] INFO  o.eclipse.m2e.core.internal.Bundles - getClasspathEntries(Bundle=org.eclipse.m2e.maven.runtime_3.9.500.20231113-2345 [295])
2024-10-17 18:07:52,435 [Worker-6: Launching helloprint] INFO  o.eclipse.m2e.core.internal.Bundles - 	Entry: C:\Users\kaila\.p2\pool\plugins\org.eclipse.m2e.maven.runtime_3.9.500.20231113-2345
2024-10-17 18:07:52,436 [Worker-6: Launching helloprint] INFO  o.eclipse.m2e.core.internal.Bundles - 	Entry: C:\Users\kaila\.p2\pool\plugins\org.eclipse.m2e.maven.runtime_3.9.500.20231113-2345\jars\aopalliance-1.0.jar
2024-10-17 18:07:52,436 [Worker-6: Launching helloprint] INFO  o.eclipse.m2e.core.internal.Bundles - 	Entry: C:\Users\kaila\.p2\pool\plugins\org.eclipse.m2e.maven.runtime_3.9.500.20231113-2345\jars\guice-5.1.0.jar
2024-10-17 18:07:52,436 [Worker-6: Launching helloprint] INFO  o.eclipse.m2e.core.internal.Bundles - 	Entry: C:\Users\kaila\.p2\pool\plugins\org.eclipse.m2e.maven.runtime_3.9.500.20231113-2345\jars\httpclient-4.5.14.jar
2024-10-17 18:07:52,436 [Worker-6: Launching helloprint] INFO  o.eclipse.m2e.core.internal.Bundles - 	Entry: C:\Users\kaila\.p2\pool\plugins\org.eclipse.m2e.maven.runtime_3.9.500.20231113-2345\jars\httpcore-4.4.16.jar
2024-10-17 18:07:52,437 [Worker-6: Launching helloprint] INFO  o.eclipse.m2e.core.internal.Bundles - 	Entry: C:\Users\kaila\.p2\pool\plugins\org.eclipse.m2e.maven.runtime_3.9.500.20231113-2345\jars\jansi-2.4.0.jar
2024-10-17 18:07:52,437 [Worker-6: Launching helloprint] INFO  o.eclipse.m2e.core.internal.Bundles - 	Entry: C:\Users\kaila\.p2\pool\plugins\org.eclipse.m2e.maven.runtime_3.9.500.20231113-2345\jars\jcl-over-slf4j-1.7.36.jar
2024-10-17 18:07:52,437 [Worker-6: Launching helloprint] INFO  o.eclipse.m2e.core.internal.Bundles - 	Entry: C:\Users\kaila\.p2\pool\plugins\org.eclipse.m2e.maven.runtime_3.9.500.20231113-2345\jars\maven-artifact-3.9.5.jar
2024-10-17 18:07:52,437 [Worker-6: Launching helloprint] INFO  o.eclipse.m2e.core.internal.Bundles - 	Entry: C:\Users\kaila\.p2\pool\plugins\org.eclipse.m2e.maven.runtime_3.9.500.20231113-2345\jars\maven-builder-support-3.9.5.jar
2024-10-17 18:07:52,437 [Worker-6: Launching helloprint] INFO  o.eclipse.m2e.core.internal.Bundles - 	Entry: C:\Users\kaila\.p2\pool\plugins\org.eclipse.m2e.maven.runtime_3.9.500.20231113-2345\jars\maven-compat-3.9.5.jar
2024-10-17 18:07:52,438 [Worker-6: Launching helloprint] INFO  o.eclipse.m2e.core.internal.Bundles - 	Entry: C:\Users\kaila\.p2\pool\plugins\org.eclipse.m2e.maven.runtime_3.9.500.20231113-2345\jars\maven-core-3.9.5.jar
2024-10-17 18:07:52,438 [Worker-6: Launching helloprint] INFO  o.eclipse.m2e.core.internal.Bundles - 	Entry: C:\Users\kaila\.p2\pool\plugins\org.eclipse.m2e.maven.runtime_3.9.500.20231113-2345\jars\maven-embedder-3.9.5.jar
2024-10-17 18:07:52,438 [Worker-6: Launching helloprint] INFO  o.eclipse.m2e.core.internal.Bundles - 	Entry: C:\Users\kaila\.p2\pool\plugins\org.eclipse.m2e.maven.runtime_3.9.500.20231113-2345\jars\maven-model-3.9.5.jar
2024-10-17 18:07:52,438 [Worker-6: Launching helloprint] INFO  o.eclipse.m2e.core.internal.Bundles - 	Entry: C:\Users\kaila\.p2\pool\plugins\org.eclipse.m2e.maven.runtime_3.9.500.20231113-2345\jars\maven-model-builder-3.9.5.jar
2024-10-17 18:07:52,439 [Worker-6: Launching helloprint] INFO  o.eclipse.m2e.core.internal.Bundles - 	Entry: C:\Users\kaila\.p2\pool\plugins\org.eclipse.m2e.maven.runtime_3.9.500.20231113-2345\jars\maven-plugin-api-3.9.5.jar
2024-10-17 18:07:52,439 [Worker-6: Launching helloprint] INFO  o.eclipse.m2e.core.internal.Bundles - 	Entry: C:\Users\kaila\.p2\pool\plugins\org.eclipse.m2e.maven.runtime_3.9.500.20231113-2345\jars\maven-repository-metadata-3.9.5.jar
2024-10-17 18:07:52,439 [Worker-6: Launching helloprint] INFO  o.eclipse.m2e.core.internal.Bundles - 	Entry: C:\Users\kaila\.p2\pool\plugins\org.eclipse.m2e.maven.runtime_3.9.500.20231113-2345\jars\maven-resolver-api-1.9.16.jar
2024-10-17 18:07:52,439 [Worker-6: Launching helloprint] INFO  o.eclipse.m2e.core.internal.Bundles - 	Entry: C:\Users\kaila\.p2\pool\plugins\org.eclipse.m2e.maven.runtime_3.9.500.20231113-2345\jars\maven-resolver-connector-basic-1.9.16.jar
2024-10-17 18:07:52,440 [Worker-6: Launching helloprint] INFO  o.eclipse.m2e.core.internal.Bundles - 	Entry: C:\Users\kaila\.p2\pool\plugins\org.eclipse.m2e.maven.runtime_3.9.500.20231113-2345\jars\maven-resolver-impl-1.9.16.jar
2024-10-17 18:07:52,440 [Worker-6: Launching helloprint] INFO  o.eclipse.m2e.core.internal.Bundles - 	Entry: C:\Users\kaila\.p2\pool\plugins\org.eclipse.m2e.maven.runtime_3.9.500.20231113-2345\jars\maven-resolver-named-locks-1.9.16.jar
2024-10-17 18:07:52,440 [Worker-6: Launching helloprint] INFO  o.eclipse.m2e.core.internal.Bundles - 	Entry: C:\Users\kaila\.p2\pool\plugins\org.eclipse.m2e.maven.runtime_3.9.500.20231113-2345\jars\maven-resolver-provider-3.9.5.jar
2024-10-17 18:07:52,440 [Worker-6: Launching helloprint] INFO  o.eclipse.m2e.core.internal.Bundles - 	Entry: C:\Users\kaila\.p2\pool\plugins\org.eclipse.m2e.maven.runtime_3.9.500.20231113-2345\jars\maven-resolver-spi-1.9.16.jar
2024-10-17 18:07:52,441 [Worker-6: Launching helloprint] INFO  o.eclipse.m2e.core.internal.Bundles - 	Entry: C:\Users\kaila\.p2\pool\plugins\org.eclipse.m2e.maven.runtime_3.9.500.20231113-2345\jars\maven-resolver-transport-file-1.9.16.jar
2024-10-17 18:07:52,441 [Worker-6: Launching helloprint] INFO  o.eclipse.m2e.core.internal.Bundles - 	Entry: C:\Users\kaila\.p2\pool\plugins\org.eclipse.m2e.maven.runtime_3.9.500.20231113-2345\jars\maven-resolver-transport-http-1.9.16.jar
2024-10-17 18:07:52,441 [Worker-6: Launching helloprint] INFO  o.eclipse.m2e.core.internal.Bundles - 	Entry: C:\Users\kaila\.p2\pool\plugins\org.eclipse.m2e.maven.runtime_3.9.500.20231113-2345\jars\maven-resolver-transport-wagon-1.9.16.jar
2024-10-17 18:07:52,442 [Worker-6: Launching helloprint] INFO  o.eclipse.m2e.core.internal.Bundles - 	Entry: C:\Users\kaila\.p2\pool\plugins\org.eclipse.m2e.maven.runtime_3.9.500.20231113-2345\jars\maven-resolver-util-1.9.16.jar
2024-10-17 18:07:52,442 [Worker-6: Launching helloprint] INFO  o.eclipse.m2e.core.internal.Bundles - 	Entry: C:\Users\kaila\.p2\pool\plugins\org.eclipse.m2e.maven.runtime_3.9.500.20231113-2345\jars\maven-settings-3.9.5.jar
2024-10-17 18:07:52,442 [Worker-6: Launching helloprint] INFO  o.eclipse.m2e.core.internal.Bundles - 	Entry: C:\Users\kaila\.p2\pool\plugins\org.eclipse.m2e.maven.runtime_3.9.500.20231113-2345\jars\maven-settings-builder-3.9.5.jar
2024-10-17 18:07:52,442 [Worker-6: Launching helloprint] INFO  o.eclipse.m2e.core.internal.Bundles - 	Entry: C:\Users\kaila\.p2\pool\plugins\org.eclipse.m2e.maven.runtime_3.9.500.20231113-2345\jars\maven-shared-utils-3.3.4.jar
2024-10-17 18:07:52,442 [Worker-6: Launching helloprint] INFO  o.eclipse.m2e.core.internal.Bundles - 	Entry: C:\Users\kaila\.p2\pool\plugins\org.eclipse.m2e.maven.runtime_3.9.500.20231113-2345\jars\org.eclipse.sisu.inject-0.3.5.jar
2024-10-17 18:07:52,443 [Worker-6: Launching helloprint] INFO  o.eclipse.m2e.core.internal.Bundles - 	Entry: C:\Users\kaila\.p2\pool\plugins\org.eclipse.m2e.maven.runtime_3.9.500.20231113-2345\jars\org.eclipse.sisu.plexus-0.3.5.jar
2024-10-17 18:07:52,443 [Worker-6: Launching helloprint] INFO  o.eclipse.m2e.core.internal.Bundles - 	Entry: C:\Users\kaila\.p2\pool\plugins\org.eclipse.m2e.maven.runtime_3.9.500.20231113-2345\jars\plexus-build-api-0.0.7.jar
2024-10-17 18:07:52,443 [Worker-6: Launching helloprint] INFO  o.eclipse.m2e.core.internal.Bundles - 	Entry: C:\Users\kaila\.p2\pool\plugins\org.eclipse.m2e.maven.runtime_3.9.500.20231113-2345\jars\plexus-cipher-2.0.jar
2024-10-17 18:07:52,443 [Worker-6: Launching helloprint] INFO  o.eclipse.m2e.core.internal.Bundles - 	Entry: C:\Users\kaila\.p2\pool\plugins\org.eclipse.m2e.maven.runtime_3.9.500.20231113-2345\jars\plexus-classworlds-2.7.0.jar
2024-10-17 18:07:52,444 [Worker-6: Launching helloprint] INFO  o.eclipse.m2e.core.internal.Bundles - 	Entry: C:\Users\kaila\.p2\pool\plugins\org.eclipse.m2e.maven.runtime_3.9.500.20231113-2345\jars\plexus-component-annotations-2.1.0.jar
2024-10-17 18:07:52,444 [Worker-6: Launching helloprint] INFO  o.eclipse.m2e.core.internal.Bundles - 	Entry: C:\Users\kaila\.p2\pool\plugins\org.eclipse.m2e.maven.runtime_3.9.500.20231113-2345\jars\plexus-interpolation-1.26.jar
2024-10-17 18:07:52,444 [Worker-6: Launching helloprint] INFO  o.eclipse.m2e.core.internal.Bundles - 	Entry: C:\Users\kaila\.p2\pool\plugins\org.eclipse.m2e.maven.runtime_3.9.500.20231113-2345\jars\plexus-sec-dispatcher-2.0.jar
2024-10-17 18:07:52,444 [Worker-6: Launching helloprint] INFO  o.eclipse.m2e.core.internal.Bundles - 	Entry: C:\Users\kaila\.p2\pool\plugins\org.eclipse.m2e.maven.runtime_3.9.500.20231113-2345\jars\plexus-utils-3.5.1.jar
2024-10-17 18:07:52,444 [Worker-6: Launching helloprint] INFO  o.eclipse.m2e.core.internal.Bundles - 	Entry: C:\Users\kaila\.p2\pool\plugins\org.eclipse.m2e.maven.runtime_3.9.500.20231113-2345\jars\wagon-file-3.5.3.jar
2024-10-17 18:07:52,445 [Worker-6: Launching helloprint] INFO  o.eclipse.m2e.core.internal.Bundles - 	Entry: C:\Users\kaila\.p2\pool\plugins\org.eclipse.m2e.maven.runtime_3.9.500.20231113-2345\jars\wagon-http-3.5.3.jar
2024-10-17 18:07:52,445 [Worker-6: Launching helloprint] INFO  o.eclipse.m2e.core.internal.Bundles - 	Entry: C:\Users\kaila\.p2\pool\plugins\org.eclipse.m2e.maven.runtime_3.9.500.20231113-2345\jars\wagon-http-shared-3.5.3.jar
2024-10-17 18:07:52,445 [Worker-6: Launching helloprint] INFO  o.eclipse.m2e.core.internal.Bundles - 	Entry: C:\Users\kaila\.p2\pool\plugins\org.eclipse.m2e.maven.runtime_3.9.500.20231113-2345\jars\wagon-provider-api-3.5.3.jar
2024-10-17 18:07:52,445 [Worker-6: Launching helloprint] INFO  o.eclipse.m2e.core.internal.Bundles - getClasspathEntries(Bundle=com.google.guava_32.1.3.jre [10])
2024-10-17 18:07:52,446 [Worker-6: Launching helloprint] INFO  o.eclipse.m2e.core.internal.Bundles - 	Entry: C:\Users\kaila\.p2\pool\plugins\com.google.guava_32.1.3.jre.jar
2024-10-17 18:07:52,446 [Worker-6: Launching helloprint] INFO  o.eclipse.m2e.core.internal.Bundles - getClasspathEntries(Bundle=slf4j.api_2.0.9 [515])
2024-10-17 18:07:52,446 [Worker-6: Launching helloprint] INFO  o.eclipse.m2e.core.internal.Bundles - 	Entry: C:\Users\kaila\.p2\pool\plugins\slf4j.api_2.0.9.jar
2024-10-17 18:07:52,446 [Worker-6: Launching helloprint] INFO  o.eclipse.m2e.core.internal.Bundles - getClasspathEntries(Bundle=jakarta.inject.jakarta.inject-api_1.0.5 [22])
2024-10-17 18:07:52,446 [Worker-6: Launching helloprint] INFO  o.eclipse.m2e.core.internal.Bundles - 	Entry: C:\Users\kaila\.p2\pool\plugins\jakarta.inject.jakarta.inject-api_1.0.5.jar
2024-10-17 18:07:52,446 [Worker-6: Launching helloprint] INFO  o.eclipse.m2e.core.internal.Bundles - getClasspathEntries(Bundle=jakarta.annotation-api_1.3.5 [20])
2024-10-17 18:07:52,447 [Worker-6: Launching helloprint] INFO  o.eclipse.m2e.core.internal.Bundles - 	Entry: C:\Users\kaila\.p2\pool\plugins\jakarta.annotation-api_1.3.5.jar
2024-10-17 18:07:52,447 [Worker-6: Launching helloprint] INFO  o.eclipse.m2e.core.internal.Bundles - getClasspathEntries(Bundle=org.apache.commons.cli_1.6.0 [46])
2024-10-17 18:07:52,447 [Worker-6: Launching helloprint] INFO  o.eclipse.m2e.core.internal.Bundles - 	Entry: C:\Users\kaila\.p2\pool\plugins\org.apache.commons.cli_1.6.0.jar
2024-10-17 18:07:52,447 [Worker-6: Launching helloprint] INFO  o.eclipse.m2e.core.internal.Bundles - getClasspathEntries(Bundle=org.apache.commons.commons-codec_1.16.0 [48])
2024-10-17 18:07:52,448 [Worker-6: Launching helloprint] INFO  o.eclipse.m2e.core.internal.Bundles - 	Entry: C:\Users\kaila\.p2\pool\plugins\org.apache.commons.commons-codec_1.16.0.jar
2024-10-17 18:07:52,448 [Worker-6: Launching helloprint] INFO  o.eclipse.m2e.core.internal.Bundles - getClasspathEntries(Bundle=org.apache.commons.lang3_3.13.0 [53])
2024-10-17 18:07:52,449 [Worker-6: Launching helloprint] INFO  o.eclipse.m2e.core.internal.Bundles - 	Entry: C:\Users\kaila\.p2\pool\plugins\org.apache.commons.lang3_3.13.0.jar
2024-10-17 18:07:52,449 [Worker-6: Launching helloprint] INFO  o.eclipse.m2e.core.internal.Bundles - getClasspathEntries(Bundle=com.google.guava.failureaccess_1.0.2 [11])
2024-10-17 18:07:52,449 [Worker-6: Launching helloprint] INFO  o.eclipse.m2e.core.internal.Bundles - 	Entry: C:\Users\kaila\.p2\pool\plugins\com.google.guava.failureaccess_1.0.2.jar
2024-10-17 18:07:52,451 [Worker-6: Launching helloprint] INFO  o.e.m.i.launch.MavenLaunchDelegate - Run build in "C:\Users\kaila\OneDrive\Desktop\maven\helloprint":
2024-10-17 18:07:52,451 [Worker-6: Launching helloprint] INFO  o.e.m.i.launch.MavenLaunchDelegate -  mvn  -B -Dstyle.color=always clean package
2024-10-17 18:07:52,452 [Worker-6: Launching helloprint] WARN  o.e.m.i.l.MavenLaunchExtensionsSupport - Unknown or unsupported source locator org.eclipse.jdt.internal.launching.sourcelookup.advanced.AdvancedSourceLookupDirector
2024-10-17 18:10:06,750 [Worker-1: Loading available Gradle versions] INFO  o.e.b.c.i.u.g.PublishedGradleVersions - Gradle version information cache is up-to-date. Trying to read.
2024-10-17 18:10:31,985 [Worker-1: Building] INFO  o.e.m.c.i.l.LifecycleMappingFactory - Using org.eclipse.m2e.jdt.JarLifecycleMapping lifecycle mapping for MavenProject: com.example:helloworld-maven:0.0.1-SNAPSHOT @ C:\Users\kaila\OneDrive\Desktop\maven\helloprint\pom.xml.
2024-10-17 18:10:32,352 [Worker-1: Building] WARN  o.a.m.s.f.DefaultMavenResourcesFiltering - Using platform encoding (UTF-8 actually) to copy filtered resources, i.e. build is platform dependent!
2024-10-17 18:10:32,361 [Worker-1: Building] INFO  o.a.m.s.f.DefaultMavenResourcesFiltering - Copying 0 resource from src\main\resources to target\classes
2024-10-17 18:10:32,373 [Worker-1: Building] WARN  o.a.m.s.f.DefaultMavenResourcesFiltering - Using platform encoding (UTF-8 actually) to copy filtered resources, i.e. build is platform dependent!
2024-10-17 18:10:32,376 [Worker-1: Building] INFO  o.a.m.s.f.DefaultMavenResourcesFiltering - Copying 0 resource from src\test\resources to target\test-classes
2024-10-17 18:10:56,207 [Worker-23: Building] INFO  o.e.m.c.i.l.LifecycleMappingFactory - Using org.eclipse.m2e.jdt.JarLifecycleMapping lifecycle mapping for MavenProject: com.example:helloworld-maven:0.0.1-SNAPSHOT @ C:\Users\kaila\OneDrive\Desktop\maven\helloprint\pom.xml.
2024-10-17 18:10:56,735 [Worker-23: Building] WARN  o.a.m.s.f.DefaultMavenResourcesFiltering - Using platform encoding (UTF-8 actually) to copy filtered resources, i.e. build is platform dependent!
2024-10-17 18:10:56,740 [Worker-23: Building] INFO  o.a.m.s.f.DefaultMavenResourcesFiltering - Copying 0 resource from src\main\resources to target\classes
2024-10-17 18:10:56,746 [Worker-23: Building] WARN  o.a.m.s.f.DefaultMavenResourcesFiltering - Using platform encoding (UTF-8 actually) to copy filtered resources, i.e. build is platform dependent!
2024-10-17 18:10:56,749 [Worker-23: Building] INFO  o.a.m.s.f.DefaultMavenResourcesFiltering - Copying 0 resource from src\test\resources to target\test-classes
2024-10-17 18:11:10,759 [Worker-24: Launching helloprint] INFO  o.eclipse.m2e.core.internal.Bundles - getClasspathEntries(Bundle=org.eclipse.m2e.maven.runtime_3.9.500.20231113-2345 [295])
2024-10-17 18:11:10,761 [Worker-24: Launching helloprint] INFO  o.eclipse.m2e.core.internal.Bundles - 	Entry: C:\Users\kaila\.p2\pool\plugins\org.eclipse.m2e.maven.runtime_3.9.500.20231113-2345
2024-10-17 18:11:10,761 [Worker-24: Launching helloprint] INFO  o.eclipse.m2e.core.internal.Bundles - 	Entry: C:\Users\kaila\.p2\pool\plugins\org.eclipse.m2e.maven.runtime_3.9.500.20231113-2345\jars\aopalliance-1.0.jar
2024-10-17 18:11:10,761 [Worker-24: Launching helloprint] INFO  o.eclipse.m2e.core.internal.Bundles - 	Entry: C:\Users\kaila\.p2\pool\plugins\org.eclipse.m2e.maven.runtime_3.9.500.20231113-2345\jars\guice-5.1.0.jar
2024-10-17 18:11:10,762 [Worker-24: Launching helloprint] INFO  o.eclipse.m2e.core.internal.Bundles - 	Entry: C:\Users\kaila\.p2\pool\plugins\org.eclipse.m2e.maven.runtime_3.9.500.20231113-2345\jars\httpclient-4.5.14.jar
2024-10-17 18:11:10,762 [Worker-24: Launching helloprint] INFO  o.eclipse.m2e.core.internal.Bundles - 	Entry: C:\Users\kaila\.p2\pool\plugins\org.eclipse.m2e.maven.runtime_3.9.500.20231113-2345\jars\httpcore-4.4.16.jar
2024-10-17 18:11:10,762 [Worker-24: Launching helloprint] INFO  o.eclipse.m2e.core.internal.Bundles - 	Entry: C:\Users\kaila\.p2\pool\plugins\org.eclipse.m2e.maven.runtime_3.9.500.20231113-2345\jars\jansi-2.4.0.jar
2024-10-17 18:11:10,762 [Worker-24: Launching helloprint] INFO  o.eclipse.m2e.core.internal.Bundles - 	Entry: C:\Users\kaila\.p2\pool\plugins\org.eclipse.m2e.maven.runtime_3.9.500.20231113-2345\jars\jcl-over-slf4j-1.7.36.jar
2024-10-17 18:11:10,762 [Worker-24: Launching helloprint] INFO  o.eclipse.m2e.core.internal.Bundles - 	Entry: C:\Users\kaila\.p2\pool\plugins\org.eclipse.m2e.maven.runtime_3.9.500.20231113-2345\jars\maven-artifact-3.9.5.jar
2024-10-17 18:11:10,763 [Worker-24: Launching helloprint] INFO  o.eclipse.m2e.core.internal.Bundles - 	Entry: C:\Users\kaila\.p2\pool\plugins\org.eclipse.m2e.maven.runtime_3.9.500.20231113-2345\jars\maven-builder-support-3.9.5.jar
2024-10-17 18:11:10,763 [Worker-24: Launching helloprint] INFO  o.eclipse.m2e.core.internal.Bundles - 	Entry: C:\Users\kaila\.p2\pool\plugins\org.eclipse.m2e.maven.runtime_3.9.500.20231113-2345\jars\maven-compat-3.9.5.jar
2024-10-17 18:11:10,763 [Worker-24: Launching helloprint] INFO  o.eclipse.m2e.core.internal.Bundles - 	Entry: C:\Users\kaila\.p2\pool\plugins\org.eclipse.m2e.maven.runtime_3.9.500.20231113-2345\jars\maven-core-3.9.5.jar
2024-10-17 18:11:10,763 [Worker-24: Launching helloprint] INFO  o.eclipse.m2e.core.internal.Bundles - 	Entry: C:\Users\kaila\.p2\pool\plugins\org.eclipse.m2e.maven.runtime_3.9.500.20231113-2345\jars\maven-embedder-3.9.5.jar
2024-10-17 18:11:10,763 [Worker-24: Launching helloprint] INFO  o.eclipse.m2e.core.internal.Bundles - 	Entry: C:\Users\kaila\.p2\pool\plugins\org.eclipse.m2e.maven.runtime_3.9.500.20231113-2345\jars\maven-model-3.9.5.jar
2024-10-17 18:11:10,763 [Worker-24: Launching helloprint] INFO  o.eclipse.m2e.core.internal.Bundles - 	Entry: C:\Users\kaila\.p2\pool\plugins\org.eclipse.m2e.maven.runtime_3.9.500.20231113-2345\jars\maven-model-builder-3.9.5.jar
2024-10-17 18:11:10,763 [Worker-24: Launching helloprint] INFO  o.eclipse.m2e.core.internal.Bundles - 	Entry: C:\Users\kaila\.p2\pool\plugins\org.eclipse.m2e.maven.runtime_3.9.500.20231113-2345\jars\maven-plugin-api-3.9.5.jar
2024-10-17 18:11:10,764 [Worker-24: Launching helloprint] INFO  o.eclipse.m2e.core.internal.Bundles - 	Entry: C:\Users\kaila\.p2\pool\plugins\org.eclipse.m2e.maven.runtime_3.9.500.20231113-2345\jars\maven-repository-metadata-3.9.5.jar
2024-10-17 18:11:10,764 [Worker-24: Launching helloprint] INFO  o.eclipse.m2e.core.internal.Bundles - 	Entry: C:\Users\kaila\.p2\pool\plugins\org.eclipse.m2e.maven.runtime_3.9.500.20231113-2345\jars\maven-resolver-api-1.9.16.jar
2024-10-17 18:11:10,764 [Worker-24: Launching helloprint] INFO  o.eclipse.m2e.core.internal.Bundles - 	Entry: C:\Users\kaila\.p2\pool\plugins\org.eclipse.m2e.maven.runtime_3.9.500.20231113-2345\jars\maven-resolver-connector-basic-1.9.16.jar
2024-10-17 18:11:10,764 [Worker-24: Launching helloprint] INFO  o.eclipse.m2e.core.internal.Bundles - 	Entry: C:\Users\kaila\.p2\pool\plugins\org.eclipse.m2e.maven.runtime_3.9.500.20231113-2345\jars\maven-resolver-impl-1.9.16.jar
2024-10-17 18:11:10,764 [Worker-24: Launching helloprint] INFO  o.eclipse.m2e.core.internal.Bundles - 	Entry: C:\Users\kaila\.p2\pool\plugins\org.eclipse.m2e.maven.runtime_3.9.500.20231113-2345\jars\maven-resolver-named-locks-1.9.16.jar
2024-10-17 18:11:10,764 [Worker-24: Launching helloprint] INFO  o.eclipse.m2e.core.internal.Bundles - 	Entry: C:\Users\kaila\.p2\pool\plugins\org.eclipse.m2e.maven.runtime_3.9.500.20231113-2345\jars\maven-resolver-provider-3.9.5.jar
2024-10-17 18:11:10,765 [Worker-24: Launching helloprint] INFO  o.eclipse.m2e.core.internal.Bundles - 	Entry: C:\Users\kaila\.p2\pool\plugins\org.eclipse.m2e.maven.runtime_3.9.500.20231113-2345\jars\maven-resolver-spi-1.9.16.jar
2024-10-17 18:11:10,765 [Worker-24: Launching helloprint] INFO  o.eclipse.m2e.core.internal.Bundles - 	Entry: C:\Users\kaila\.p2\pool\plugins\org.eclipse.m2e.maven.runtime_3.9.500.20231113-2345\jars\maven-resolver-transport-file-1.9.16.jar
2024-10-17 18:11:10,765 [Worker-24: Launching helloprint] INFO  o.eclipse.m2e.core.internal.Bundles - 	Entry: C:\Users\kaila\.p2\pool\plugins\org.eclipse.m2e.maven.runtime_3.9.500.20231113-2345\jars\maven-resolver-transport-http-1.9.16.jar
2024-10-17 18:11:10,765 [Worker-24: Launching helloprint] INFO  o.eclipse.m2e.core.internal.Bundles - 	Entry: C:\Users\kaila\.p2\pool\plugins\org.eclipse.m2e.maven.runtime_3.9.500.20231113-2345\jars\maven-resolver-transport-wagon-1.9.16.jar
2024-10-17 18:11:10,765 [Worker-24: Launching helloprint] INFO  o.eclipse.m2e.core.internal.Bundles - 	Entry: C:\Users\kaila\.p2\pool\plugins\org.eclipse.m2e.maven.runtime_3.9.500.20231113-2345\jars\maven-resolver-util-1.9.16.jar
2024-10-17 18:11:10,766 [Worker-24: Launching helloprint] INFO  o.eclipse.m2e.core.internal.Bundles - 	Entry: C:\Users\kaila\.p2\pool\plugins\org.eclipse.m2e.maven.runtime_3.9.500.20231113-2345\jars\maven-settings-3.9.5.jar
2024-10-17 18:11:10,766 [Worker-24: Launching helloprint] INFO  o.eclipse.m2e.core.internal.Bundles - 	Entry: C:\Users\kaila\.p2\pool\plugins\org.eclipse.m2e.maven.runtime_3.9.500.20231113-2345\jars\maven-settings-builder-3.9.5.jar
2024-10-17 18:11:10,766 [Worker-24: Launching helloprint] INFO  o.eclipse.m2e.core.internal.Bundles - 	Entry: C:\Users\kaila\.p2\pool\plugins\org.eclipse.m2e.maven.runtime_3.9.500.20231113-2345\jars\maven-shared-utils-3.3.4.jar
2024-10-17 18:11:10,767 [Worker-24: Launching helloprint] INFO  o.eclipse.m2e.core.internal.Bundles - 	Entry: C:\Users\kaila\.p2\pool\plugins\org.eclipse.m2e.maven.runtime_3.9.500.20231113-2345\jars\org.eclipse.sisu.inject-0.3.5.jar
2024-10-17 18:11:10,767 [Worker-24: Launching helloprint] INFO  o.eclipse.m2e.core.internal.Bundles - 	Entry: C:\Users\kaila\.p2\pool\plugins\org.eclipse.m2e.maven.runtime_3.9.500.20231113-2345\jars\org.eclipse.sisu.plexus-0.3.5.jar
2024-10-17 18:11:10,767 [Worker-24: Launching helloprint] INFO  o.eclipse.m2e.core.internal.Bundles - 	Entry: C:\Users\kaila\.p2\pool\plugins\org.eclipse.m2e.maven.runtime_3.9.500.20231113-2345\jars\plexus-build-api-0.0.7.jar
2024-10-17 18:11:10,767 [Worker-24: Launching helloprint] INFO  o.eclipse.m2e.core.internal.Bundles - 	Entry: C:\Users\kaila\.p2\pool\plugins\org.eclipse.m2e.maven.runtime_3.9.500.20231113-2345\jars\plexus-cipher-2.0.jar
2024-10-17 18:11:10,767 [Worker-24: Launching helloprint] INFO  o.eclipse.m2e.core.internal.Bundles - 	Entry: C:\Users\kaila\.p2\pool\plugins\org.eclipse.m2e.maven.runtime_3.9.500.20231113-2345\jars\plexus-classworlds-2.7.0.jar
2024-10-17 18:11:10,767 [Worker-24: Launching helloprint] INFO  o.eclipse.m2e.core.internal.Bundles - 	Entry: C:\Users\kaila\.p2\pool\plugins\org.eclipse.m2e.maven.runtime_3.9.500.20231113-2345\jars\plexus-component-annotations-2.1.0.jar
2024-10-17 18:11:10,767 [Worker-24: Launching helloprint] INFO  o.eclipse.m2e.core.internal.Bundles - 	Entry: C:\Users\kaila\.p2\pool\plugins\org.eclipse.m2e.maven.runtime_3.9.500.20231113-2345\jars\plexus-interpolation-1.26.jar
2024-10-17 18:11:10,768 [Worker-24: Launching helloprint] INFO  o.eclipse.m2e.core.internal.Bundles - 	Entry: C:\Users\kaila\.p2\pool\plugins\org.eclipse.m2e.maven.runtime_3.9.500.20231113-2345\jars\plexus-sec-dispatcher-2.0.jar
2024-10-17 18:11:10,768 [Worker-24: Launching helloprint] INFO  o.eclipse.m2e.core.internal.Bundles - 	Entry: C:\Users\kaila\.p2\pool\plugins\org.eclipse.m2e.maven.runtime_3.9.500.20231113-2345\jars\plexus-utils-3.5.1.jar
2024-10-17 18:11:10,768 [Worker-24: Launching helloprint] INFO  o.eclipse.m2e.core.internal.Bundles - 	Entry: C:\Users\kaila\.p2\pool\plugins\org.eclipse.m2e.maven.runtime_3.9.500.20231113-2345\jars\wagon-file-3.5.3.jar
2024-10-17 18:11:10,768 [Worker-24: Launching helloprint] INFO  o.eclipse.m2e.core.internal.Bundles - 	Entry: C:\Users\kaila\.p2\pool\plugins\org.eclipse.m2e.maven.runtime_3.9.500.20231113-2345\jars\wagon-http-3.5.3.jar
2024-10-17 18:11:10,769 [Worker-24: Launching helloprint] INFO  o.eclipse.m2e.core.internal.Bundles - 	Entry: C:\Users\kaila\.p2\pool\plugins\org.eclipse.m2e.maven.runtime_3.9.500.20231113-2345\jars\wagon-http-shared-3.5.3.jar
2024-10-17 18:11:10,769 [Worker-24: Launching helloprint] INFO  o.eclipse.m2e.core.internal.Bundles - 	Entry: C:\Users\kaila\.p2\pool\plugins\org.eclipse.m2e.maven.runtime_3.9.500.20231113-2345\jars\wagon-provider-api-3.5.3.jar
2024-10-17 18:11:10,772 [Worker-24: Launching helloprint] INFO  o.eclipse.m2e.core.internal.Bundles - getClasspathEntries(Bundle=com.google.guava_32.1.3.jre [10])
2024-10-17 18:11:10,772 [Worker-24: Launching helloprint] INFO  o.eclipse.m2e.core.internal.Bundles - 	Entry: C:\Users\kaila\.p2\pool\plugins\com.google.guava_32.1.3.jre.jar
2024-10-17 18:11:10,772 [Worker-24: Launching helloprint] INFO  o.eclipse.m2e.core.internal.Bundles - getClasspathEntries(Bundle=slf4j.api_2.0.9 [515])
2024-10-17 18:11:10,772 [Worker-24: Launching helloprint] INFO  o.eclipse.m2e.core.internal.Bundles - 	Entry: C:\Users\kaila\.p2\pool\plugins\slf4j.api_2.0.9.jar
2024-10-17 18:11:10,773 [Worker-24: Launching helloprint] INFO  o.eclipse.m2e.core.internal.Bundles - getClasspathEntries(Bundle=jakarta.inject.jakarta.inject-api_1.0.5 [22])
2024-10-17 18:11:10,773 [Worker-24: Launching helloprint] INFO  o.eclipse.m2e.core.internal.Bundles - 	Entry: C:\Users\kaila\.p2\pool\plugins\jakarta.inject.jakarta.inject-api_1.0.5.jar
2024-10-17 18:11:10,773 [Worker-24: Launching helloprint] INFO  o.eclipse.m2e.core.internal.Bundles - getClasspathEntries(Bundle=jakarta.annotation-api_1.3.5 [20])
2024-10-17 18:11:10,773 [Worker-24: Launching helloprint] INFO  o.eclipse.m2e.core.internal.Bundles - 	Entry: C:\Users\kaila\.p2\pool\plugins\jakarta.annotation-api_1.3.5.jar
2024-10-17 18:11:10,773 [Worker-24: Launching helloprint] INFO  o.eclipse.m2e.core.internal.Bundles - getClasspathEntries(Bundle=org.apache.commons.cli_1.6.0 [46])
2024-10-17 18:11:10,773 [Worker-24: Launching helloprint] INFO  o.eclipse.m2e.core.internal.Bundles - 	Entry: C:\Users\kaila\.p2\pool\plugins\org.apache.commons.cli_1.6.0.jar
2024-10-17 18:11:10,774 [Worker-24: Launching helloprint] INFO  o.eclipse.m2e.core.internal.Bundles - getClasspathEntries(Bundle=org.apache.commons.commons-codec_1.16.0 [48])
2024-10-17 18:11:10,774 [Worker-24: Launching helloprint] INFO  o.eclipse.m2e.core.internal.Bundles - 	Entry: C:\Users\kaila\.p2\pool\plugins\org.apache.commons.commons-codec_1.16.0.jar
2024-10-17 18:11:10,774 [Worker-24: Launching helloprint] INFO  o.eclipse.m2e.core.internal.Bundles - getClasspathEntries(Bundle=org.apache.commons.lang3_3.13.0 [53])
2024-10-17 18:11:10,774 [Worker-24: Launching helloprint] INFO  o.eclipse.m2e.core.internal.Bundles - 	Entry: C:\Users\kaila\.p2\pool\plugins\org.apache.commons.lang3_3.13.0.jar
2024-10-17 18:11:10,774 [Worker-24: Launching helloprint] INFO  o.eclipse.m2e.core.internal.Bundles - getClasspathEntries(Bundle=com.google.guava.failureaccess_1.0.2 [11])
2024-10-17 18:11:10,774 [Worker-24: Launching helloprint] INFO  o.eclipse.m2e.core.internal.Bundles - 	Entry: C:\Users\kaila\.p2\pool\plugins\com.google.guava.failureaccess_1.0.2.jar
2024-10-17 18:11:10,789 [Worker-24: Launching helloprint] INFO  o.e.m.i.launch.MavenLaunchDelegate - Run build in "C:\Users\kaila\OneDrive\Desktop\maven\helloprint":
2024-10-17 18:11:10,792 [Worker-24: Launching helloprint] INFO  o.e.m.i.launch.MavenLaunchDelegate -  mvn  -B -Dstyle.color=always clean package
